#
# A fatal error has been detected by the Java Runtime Environment:
#
#  EXCEPTION_ACCESS_VIOLATION (0xc0000005) at pc=0x321a65f5, pid=4384, tid=4476
#
# JRE version: 6.0_17-b04
# Java VM: Java HotSpot(TM) Client VM (14.3-b01 mixed mode windows-x86 )
# Problematic frame:
# C  0x321a65f5
#
# If you would like to submit a bug report, please visit:
#   http://java.sun.com/webapps/bugreport/crash.jsp
# The crash happened outside the Java Virtual Machine in native code.
# See problematic frame for where to report the bug.
#

---------------  T H R E A D  ---------------

Current thread (0x0bb2b400):  JavaThread "main" [_thread_in_native, id=4476, stack(0x01030000,0x01830000)]

siginfo: ExceptionCode=0xc0000005, writing address 0x00000000

Registers:
EAX=0x321a65f3, EBX=0x0182543c, ECX=0x00000000, EDX=0x00000000
ESP=0x01825164, EBP=0x018258f4, ESI=0x3256b9f8, EDI=0x018258e8
EIP=0x321a65f5, EFLAGS=0x00010246

Top of Stack: (sp=0x01825164)
0x01825164:   6b2cd637 018258e8 3256b9f8 01825180
0x01825174:   018258e8 0182543c 018258f4 018251ac
0x01825184:   6b2ce892 321a65f3 018258e8 00000100
0x01825194:   01825218 6b2cea80 53dd6c1f 3256b9d4
0x018251a4:   018258e8 00000001 01825228 6b2c3708
0x018251b4:   018258e8 3256b9d4 321a65f3 00000000
0x018251c4:   00000100 53dd6fa3 018258e8 3256b9f8
0x018251d4:   0182543c 0182588c 00000000 00000001 

Instructions: (pc=0x321a65f5)
0x321a65e5:   c3 8b 0e 89 0f 8b 01 ff 10 e9 c1 fc e9 ff 33 c9
0x321a65f5:   c7 05 00 00 00 00 01 00 00 00 cd 29 33 c0 83 f9 


Stack: [0x01030000,0x01830000],  sp=0x01825164,  free space=8148k
Native frames: (J=compiled Java code, j=interpreted, Vv=VM code, C=native code)
C  0x321a65f5
C  0x32045910
C  0x320454aa
C  0x32769935
C  0x32d0d25f
C  0x32d0d233
C  0x32d0d17b
C  0x29ab2071
C  0x29ab1fa1
C  0x5d9e402e
C  0x5d9e3689
C  0x5da67beb
C  0x5da6cfd0
C  0x5da655da
C  0x6d374df2
j  sun.jdbc.odbc.JdbcOdbc.driverConnect(J[B[B)V+0
j  sun.jdbc.odbc.JdbcOdbc.SQLDriverConnect(JLjava/lang/String;)V+93
j  sun.jdbc.odbc.JdbcOdbcConnection.initialize(Ljava/lang/String;Ljava/util/Properties;I)V+984
j  sun.jdbc.odbc.JdbcOdbcDriver.connect(Ljava/lang/String;Ljava/util/Properties;)Ljava/sql/Connection;+129
j  java.sql.DriverManager.getConnection(Ljava/lang/String;Ljava/util/Properties;Ljava/lang/ClassLoader;)Ljava/sql/Connection;+210
j  java.sql.DriverManager.getConnection(Ljava/lang/String;Ljava/util/Properties;)Ljava/sql/Connection;+7
j  com.mathworks.toolbox.database.databaseConnect.makeDatabaseConnection()Ljava/util/Vector;+231
v  ~StubRoutines::call_stub
V  [jvm.dll+0xecf9c]
V  [jvm.dll+0x1741d1]
V  [jvm.dll+0xed01d]
V  [jvm.dll+0xf5e2f]
V  [jvm.dll+0xf79b7]
C  [jmi.dll+0x139de]
C  [jmi.dll+0x1e2dc]
C  [jmi.dll+0x1e6d9]
C  [jmi.dll+0x2b10e]
C  [jmi.dll+0x2b208]
C  [mcos.dll+0x4e126]
C  [m_dispatcher.dll+0x11c35]
C  [m_dispatcher.dll+0x118cf]
C  [m_interpreter.dll+0x713e6]
C  [m_interpreter.dll+0x6e200]
C  [m_interpreter.dll+0x7f677]
C  [m_interpreter.dll+0x7f792]
C  [m_interpreter.dll+0x76580]
C  [m_interpreter.dll+0x74307]
C  [m_interpreter.dll+0x7ac79]
C  [m_dispatcher.dll+0x114b8]
C  [m_dispatcher.dll+0x118cf]
C  [m_interpreter.dll+0x713e6]
C  [m_interpreter.dll+0x6e200]
C  [m_interpreter.dll+0x7f677]
C  [m_interpreter.dll+0x7f792]
C  [m_interpreter.dll+0x76580]
C  [m_interpreter.dll+0x74307]
C  [m_interpreter.dll+0x7ac79]
C  [m_dispatcher.dll+0x114b8]
C  [m_dispatcher.dll+0x118cf]
C  [m_dispatcher.dll+0x150b4]
C  [m_dispatcher.dll+0x120d1]
C  [libmx.dll+0x2c204]
C  [m_interpreter.dll+0xb905c]
C  [m_dispatcher.dll+0x11db5]
C  [m_dispatcher.dll+0x11d3b]
C  [m_dispatcher.dll+0x117aa]
C  [m_interpreter.dll+0x713e6]
C  [m_interpreter.dll+0x6e200]
C  [m_interpreter.dll+0x7f677]
C  [m_interpreter.dll+0x7f792]
C  [m_interpreter.dll+0x76580]
C  [m_interpreter.dll+0x74307]
C  [m_interpreter.dll+0x7ac79]
C  [m_dispatcher.dll+0x114b8]
C  [m_dispatcher.dll+0x118cf]
C  [m_interpreter.dll+0x713e6]
C  [m_interpreter.dll+0x6e200]
C  [m_interpreter.dll+0x7f677]
C  [m_interpreter.dll+0x7f792]
C  [m_interpreter.dll+0x76580]
C  [m_interpreter.dll+0x74307]
C  [m_interpreter.dll+0x7ac79]
C  [m_dispatcher.dll+0x114b8]
C  [m_dispatcher.dll+0x118cf]
C  [m_interpreter.dll+0x713e6]
C  [m_interpreter.dll+0x6e200]
C  [m_interpreter.dll+0x7f677]
C  [m_interpreter.dll+0x7f792]
C  [m_interpreter.dll+0x76580]
C  [m_interpreter.dll+0x74307]
C  [m_interpreter.dll+0x7abe7]
C  [m_dispatcher.dll+0x1288a]
C  [m_dispatcher.dll+0x12bce]
C  [m_dispatcher.dll+0x120d1]
C  [libmx.dll+0x2c204]
C  [m_interpreter.dll+0xb905c]
C  [libmwgui.dll+0x38ed2]
C  [libmwgui.dll+0x396a8]
C  [libmwgui.dll+0x39773]
C  [hg.dll+0x3b69f]
C  [hg.dll+0x3c48a]
C  [hg.dll+0x10f34b]
C  [hg.dll+0x10ff84]
C  [hg.dll+0xc0f84]
C  [hg.dll+0xb7dff]
...<more frames>...

Java frames: (J=compiled Java code, j=interpreted, Vv=VM code)
j  sun.jdbc.odbc.JdbcOdbc.driverConnect(J[B[B)V+0
j  sun.jdbc.odbc.JdbcOdbc.SQLDriverConnect(JLjava/lang/String;)V+93
j  sun.jdbc.odbc.JdbcOdbcConnection.initialize(Ljava/lang/String;Ljava/util/Properties;I)V+984
j  sun.jdbc.odbc.JdbcOdbcDriver.connect(Ljava/lang/String;Ljava/util/Properties;)Ljava/sql/Connection;+129
j  java.sql.DriverManager.getConnection(Ljava/lang/String;Ljava/util/Properties;Ljava/lang/ClassLoader;)Ljava/sql/Connection;+210
j  java.sql.DriverManager.getConnection(Ljava/lang/String;Ljava/util/Properties;)Ljava/sql/Connection;+7
j  com.mathworks.toolbox.database.databaseConnect.makeDatabaseConnection()Ljava/util/Vector;+231
v  ~StubRoutines::call_stub

---------------  P R O C E S S  ---------------

Java Threads: ( => current thread )
  0x1fed0400 JavaThread "Foxtrot Multi Worker Thread Runner #1" daemon [_thread_blocked, id=3228, stack(0x264b0000,0x26530000)]
  0x1fecd800 JavaThread "Code Analyzer updating thread" [_thread_blocked, id=3868, stack(0x1e110000,0x1e190000)]
  0x1fed0800 JavaThread "Code Analyzer updating thread" [_thread_blocked, id=2380, stack(0x24470000,0x244f0000)]
  0x1fecd400 JavaThread "RequestQueue for GenericFileList" [_thread_blocked, id=832, stack(0x23240000,0x232c0000)]
  0x1fecf000 JavaThread "Active Reference Queue Daemon" daemon [_thread_blocked, id=2760, stack(0x20f80000,0x21000000)]
  0x1dac4000 JavaThread "Timer-5" daemon [_thread_blocked, id=5240, stack(0x20f00000,0x20f80000)]
  0x1dac3800 JavaThread "Timer-4" daemon [_thread_blocked, id=4872, stack(0x20df0000,0x20e70000)]
  0x1dac2800 JavaThread "Prefs Updater" daemon [_thread_blocked, id=5388, stack(0x1fcb0000,0x1fd30000)]
  0x1dac1400 JavaThread "Timer-1" [_thread_blocked, id=5280, stack(0x1fc30000,0x1fcb0000)]
  0x1dac2000 JavaThread "FelixPackageAdmin" daemon [_thread_blocked, id=3588, stack(0x1f740000,0x1f7c0000)]
  0x1dac1c00 JavaThread "FelixStartLevel" daemon [_thread_blocked, id=3296, stack(0x1f6c0000,0x1f740000)]
  0x1dac4c00 JavaThread "FelixDispatchQueue" daemon [_thread_blocked, id=6104, stack(0x1f640000,0x1f6c0000)]
  0x1dac3400 JavaThread "TimerQueue" daemon [_thread_blocked, id=2816, stack(0x1eb10000,0x1eb90000)]
  0x1da0c800 JavaThread "AWT-EventQueue-0" [_thread_blocked, id=5500, stack(0x1e290000,0x1e310000)]
  0x1d93c400 JavaThread "com.google.common.base.internal.Finalizer" daemon [_thread_blocked, id=5248, stack(0x1e090000,0x1e110000)]
  0x1d931800 JavaThread "AWT-Windows" daemon [_thread_in_native, id=5748, stack(0x1df90000,0x1e010000)]
  0x1d931400 JavaThread "AWT-Shutdown" [_thread_blocked, id=3728, stack(0x1df10000,0x1df90000)]
  0x1d8dd400 JavaThread "Java2D Disposer" daemon [_thread_blocked, id=2116, stack(0x1cc60000,0x1cce0000)]
  0x1c9fa000 JavaThread "Timer-0" [_thread_blocked, id=84, stack(0x0ff30000,0x0ffb0000)]
  0x1c9bec00 JavaThread "JMI Unnamed Thread" [_thread_in_native, id=2644, stack(0x07cb0000,0x084b0000)]
  0x0bbdfc00 JavaThread "Low Memory Detector" daemon [_thread_blocked, id=4712, stack(0x0fe60000,0x0fee0000)]
  0x0bbda000 JavaThread "CompilerThread0" daemon [_thread_blocked, id=4932, stack(0x0f660000,0x0fe60000)]
  0x0bbd4800 JavaThread "Attach Listener" daemon [_thread_blocked, id=2564, stack(0x0f5e0000,0x0f660000)]
  0x0bbb0c00 JavaThread "Finalizer" daemon [_thread_blocked, id=3172, stack(0x0e5d0000,0x0e650000)]
  0x0bbaf800 JavaThread "Reference Handler" daemon [_thread_blocked, id=3520, stack(0x0e550000,0x0e5d0000)]
=>0x0bb2b400 JavaThread "main" [_thread_in_native, id=4476, stack(0x01030000,0x01830000)]

Other Threads:
  0x0bbacc00 VMThread [stack: 0x0dd50000,0x0e550000] [id=4152]
  0x0bbf3c00 WatcherThread [stack: 0x1c010000,0x1c810000] [id=5980]

VM state:not at safepoint (normal execution)

VM Mutex/Monitor currently owned by a thread: None

Heap
 def new generation   total 21248K, used 238K [0x10010000, 0x11710000, 0x12010000)
  eden space 18944K,   1% used [0x10010000, 0x1004bbf8, 0x11290000)
  from space 2304K,   0% used [0x114d0000, 0x114d0000, 0x11710000)
  to   space 2304K,   0% used [0x11290000, 0x11290000, 0x114d0000)
 tenured generation   total 70412K, used 39555K [0x12010000, 0x164d3000, 0x18010000)
   the space 70412K,  56% used [0x12010000, 0x146b0d88, 0x146b0e00, 0x164d3000)
 compacting perm gen  total 41472K, used 41455K [0x18010000, 0x1a890000, 0x1c010000)
   the space 41472K,  99% used [0x18010000, 0x1a88bce0, 0x1a88be00, 0x1a890000)
No shared spaces configured.

Dynamic libraries:
0x01000000 - 0x01025000 	C:\Program Files\MATLAB\R2011a\bin\win32\MATLAB.exe
0x775d0000 - 0x7773a000 	C:\WINDOWS\SYSTEM32\ntdll.dll
0x77310000 - 0x77410000 	C:\WINDOWS\system32\KERNEL32.DLL
0x00ae0000 - 0x00b0f000 	C:\Program Files\AVAST Software\Avast\aswhookx.dll
0x750d0000 - 0x751aa000 	C:\WINDOWS\system32\KERNELBASE.dll
0x7ef10000 - 0x7efcd000 	C:\Program Files\MATLAB\R2011a\bin\win32\libut.dll
0x7ee50000 - 0x7ef07000 	C:\Program Files\MATLAB\R2011a\bin\win32\libmwfl.dll
0x754e0000 - 0x7567b000 	C:\Program Files\MATLAB\R2011a\bin\win32\libmwservices.dll
0x7f270000 - 0x7f2f9000 	C:\Program Files\MATLAB\R2011a\bin\win32\mcr.dll
0x00b90000 - 0x00c1e000 	C:\WINDOWS\WinSxS\x86_microsoft.vc90.crt_1fc8b3b9a1e18e3b_9.0.30729.8387_none_5094ca96bcb6b2bb\MSVCP90.dll
0x00dd0000 - 0x00e73000 	C:\WINDOWS\WinSxS\x86_microsoft.vc90.crt_1fc8b3b9a1e18e3b_9.0.30729.8387_none_5094ca96bcb6b2bb\MSVCR90.dll
0x7dce0000 - 0x7dd35000 	C:\Program Files\MATLAB\R2011a\bin\win32\libmwi18n.dll
0x73d00000 - 0x73d0e000 	C:\Program Files\MATLAB\R2011a\bin\win32\boost_date_time-vc90-mt-1_40.dll
0x73f70000 - 0x73f77000 	C:\Program Files\MATLAB\R2011a\bin\win32\boost_system-vc90-mt-1_40.dll
0x73d10000 - 0x73d1f000 	C:\Program Files\MATLAB\R2011a\bin\win32\boost_thread-vc90-mt-1_40.dll
0x7ea10000 - 0x7eb35000 	C:\Program Files\MATLAB\R2011a\bin\win32\icuuc42.dll
0x73db0000 - 0x73dbe000 	C:\Program Files\MATLAB\R2011a\bin\win32\icuio42.dll
0x76940000 - 0x76946000 	C:\WINDOWS\system32\PSAPI.DLL
0x00e80000 - 0x00fc1000 	C:\WINDOWS\SYSTEM32\dbghelp.dll
0x76ce0000 - 0x76d5c000 	C:\WINDOWS\system32\ADVAPI32.dll
0x767e0000 - 0x76935000 	C:\WINDOWS\system32\USER32.dll
0x10000000 - 0x10009000 	C:\Program Files\MATLAB\R2011a\bin\win32\libmwresource_core.dll
0x00c50000 - 0x00cc7000 	C:\Program Files\MATLAB\R2011a\bin\win32\libmwMATLAB_res.dll
0x736b0000 - 0x736c3000 	C:\Program Files\MATLAB\R2011a\bin\win32\boost_filesystem-vc90-mt-1_40.dll
0x73c80000 - 0x73c8f000 	C:\Program Files\MATLAB\R2011a\bin\win32\boost_signals-vc90-mt-1_40.dll
0x76950000 - 0x76964000 	C:\WINDOWS\system32\imagehlp.dll
0x7db50000 - 0x7dbb9000 	C:\Program Files\MATLAB\R2011a\bin\win32\libmx.dll
0x7e800000 - 0x7e8ee000 	C:\Program Files\MATLAB\R2011a\bin\win32\libmwmathutil.dll
0x01830000 - 0x0186b000 	C:\Program Files\MATLAB\R2011a\bin\win32\mpath.dll
0x72990000 - 0x72b75000 	C:\Program Files\MATLAB\R2011a\bin\win32\mlutil.dll
0x01870000 - 0x018f9000 	C:\WINDOWS\WinSxS\x86_microsoft.windows.common-controls_6595b64144ccf1df_5.82.9600.17810_none_7c5b6194aa0716f1\COMCTL32.dll
0x76b30000 - 0x76bcb000 	C:\WINDOWS\system32\COMDLG32.dll
0x71af0000 - 0x71b03000 	C:\WINDOWS\SYSTEM32\NETAPI32.dll
0x76970000 - 0x769bf000 	C:\WINDOWS\system32\WS2_32.dll
0x01900000 - 0x01933000 	C:\Program Files\MATLAB\R2011a\bin\win32\tbb.dll
0x01940000 - 0x02bfb000 	C:\WINDOWS\system32\SHELL32.dll
0x77180000 - 0x772a9000 	C:\WINDOWS\system32\ole32.dll
0x75350000 - 0x753e7000 	C:\WINDOWS\system32\OLEAUT32.dll
0x7d4b0000 - 0x7d547000 	C:\Program Files\MATLAB\R2011a\bin\win32\iqm.dll
0x7e1c0000 - 0x7e1e3000 	C:\Program Files\MATLAB\R2011a\bin\win32\libmwbridge.dll
0x724b0000 - 0x724bd000 	C:\Program Files\MATLAB\R2011a\bin\win32\libmex.dll
0x02c00000 - 0x02c71000 	C:\Program Files\MATLAB\R2011a\bin\win32\m_dispatcher.dll
0x02c80000 - 0x02df7000 	C:\Program Files\MATLAB\R2011a\bin\win32\mcos.dll
0x02e00000 - 0x02f01000 	C:\Program Files\MATLAB\R2011a\bin\win32\libmwgui.dll
0x02f10000 - 0x0348c000 	C:\Program Files\MATLAB\R2011a\bin\win32\hg.dll
0x03490000 - 0x0350a000 	C:\Program Files\MATLAB\R2011a\bin\win32\hgutils.dll
0x03510000 - 0x039da000 	C:\Program Files\MATLAB\R2011a\bin\win32\m_interpreter.dll
0x039e0000 - 0x03a3a000 	C:\Program Files\MATLAB\R2011a\bin\win32\jmi.dll
0x03a40000 - 0x03aba000 	C:\Program Files\MATLAB\R2011a\bin\win32\udd_mi.dll
0x74dc0000 - 0x75053000 	C:\Program Files\MATLAB\R2011a\bin\win32\uiw.dll
0x03ac0000 - 0x03ad3000 	C:\Program Files\MATLAB\R2011a\bin\win32\mwoles05.DLL
0x03ae0000 - 0x03b2b000 	C:\Program Files\MATLAB\R2011a\bin\win32\comcli.dll
0x00ff0000 - 0x00ff9000 	C:\Program Files\MATLAB\R2011a\bin\win32\mlautoregister.dll
0x03b30000 - 0x03b3a000 	C:\Program Files\MATLAB\R2011a\bin\win32\boost_iostreams-vc90-mt-1_40.dll
0x76bd0000 - 0x76ce0000 	C:\WINDOWS\system32\GDI32.dll
0x73550000 - 0x7356f000 	C:\Program Files\MATLAB\R2011a\bin\win32\LIBEXPAT.dll
0x72eb0000 - 0x73009000 	C:\Program Files\MATLAB\R2011a\bin\win32\icuin42.dll
0x03b90000 - 0x04ad7000 	C:\Program Files\MATLAB\R2011a\bin\win32\icudt42.dll
0x76710000 - 0x767d3000 	C:\WINDOWS\system32\msvcrt.dll
0x770d0000 - 0x77111000 	C:\WINDOWS\SYSTEM32\sechost.dll
0x75280000 - 0x75350000 	C:\WINDOWS\system32\RPCRT4.dll
0x73730000 - 0x73743000 	C:\Program Files\MATLAB\R2011a\bin\win32\zlib1.dll
0x04b70000 - 0x04bcd000 	C:\Program Files\MATLAB\R2011a\bin\win32\xmlcore.dll
0x71cf0000 - 0x71ea2000 	C:\Program Files\MATLAB\R2011a\bin\win32\xerces-c_2_7.dll
0x77120000 - 0x77165000 	C:\WINDOWS\system32\SHLWAPI.dll
0x742e0000 - 0x742ea000 	C:\WINDOWS\SYSTEM32\netutils.dll
0x74aa0000 - 0x74abd000 	C:\WINDOWS\SYSTEM32\srvcli.dll
0x71b40000 - 0x71b51000 	C:\WINDOWS\SYSTEM32\wkscli.dll
0x775c0000 - 0x775c7000 	C:\WINDOWS\system32\NSI.dll
0x77440000 - 0x775bd000 	C:\WINDOWS\SYSTEM32\combase.dll
0x04c00000 - 0x04c88000 	C:\Program Files\MATLAB\R2011a\bin\win32\udd.dll
0x7f130000 - 0x7f1cc000 	C:\Program Files\MATLAB\R2011a\bin\win32\boost_regex-vc90-mt-1_40.dll
0x04cd0000 - 0x04ce2000 	C:\Program Files\MATLAB\R2011a\bin\win32\graphics_util.dll
0x7e040000 - 0x7e078000 	C:\Program Files\MATLAB\R2011a\bin\win32\libmat.dll
0x04d00000 - 0x04d2d000 	C:\Program Files\MATLAB\R2011a\bin\win32\libmwhardcopy.dll
0x04d30000 - 0x04d6e000 	C:\Program Files\MATLAB\R2011a\bin\win32\libuij.dll
0x04d70000 - 0x04ead000 	C:\Program Files\MATLAB\R2011a\bin\win32\hgdatatypes.dll
0x04eb0000 - 0x04ee5000 	C:\Program Files\MATLAB\R2011a\bin\win32\libmwlapack.dll
0x04ef0000 - 0x0528d000 	C:\WINDOWS\WinSxS\x86_microsoft.vc90.mfc_1fc8b3b9a1e18e3b_9.0.30729.6161_none_4bf7e3e2bf9ada4c\mfc90.dll
0x05290000 - 0x052f5000 	C:\WINDOWS\SYSTEM32\WINSPOOL.DRV
0x05320000 - 0x05378000 	C:\Program Files\MATLAB\R2011a\bin\win32\profiler.dll
0x734f0000 - 0x73513000 	C:\Program Files\MATLAB\R2011a\bin\win32\libmwmathrng.dll
0x05380000 - 0x05394000 	C:\Program Files\MATLAB\R2011a\bin\win32\m_pcodeio.dll
0x7e080000 - 0x7e0c5000 	C:\Program Files\MATLAB\R2011a\bin\win32\m_ir.dll
0x053a0000 - 0x058c8000 	C:\Program Files\MATLAB\R2011a\bin\win32\m_parser.dll
0x058d0000 - 0x058f0000 	C:\Program Files\MATLAB\R2011a\bin\win32\m_pcodegen.dll
0x058f0000 - 0x05935000 	C:\Program Files\MATLAB\R2011a\bin\win32\libmwspmatrix.dll
0x05950000 - 0x0595b000 	C:\Program Files\MATLAB\R2011a\bin\win32\nativejava_services.dll
0x05980000 - 0x05989000 	C:\Program Files\MATLAB\R2011a\bin\win32\uinone.dll
0x059a0000 - 0x059cb000 	C:\WINDOWS\WinSxS\x86_microsoft.vc90.atl_1fc8b3b9a1e18e3b_9.0.30729.6161_none_51cd0a7abbe4e19b\ATL90.DLL
0x750a0000 - 0x750c3000 	C:\WINDOWS\system32\SspiCli.dll
0x75d10000 - 0x75ed7000 	C:\Program Files\MATLAB\R2011a\bin\win32\libhdf5.dll
0x05ac0000 - 0x05ace000 	C:\Program Files\MATLAB\R2011a\bin\win32\libmwbinder.dll
0x05ad0000 - 0x05ad9000 	C:\Program Files\MATLAB\R2011a\bin\win32\libmwompwrapper.dll
0x70ff0000 - 0x70ff6000 	C:\WINDOWS\SYSTEM32\MSIMG32.dll
0x05b30000 - 0x05b42000 	C:\Program Files\MATLAB\R2011a\bin\win32\ir_xfmr.dll
0x05b50000 - 0x05b5a000 	C:\Program Files\MATLAB\R2011a\bin\win32\mtok.dll
0x751f0000 - 0x7527b000 	C:\WINDOWS\system32\SHCORE.DLL
0x77410000 - 0x77436000 	C:\WINDOWS\system32\IMM32.DLL
0x76d60000 - 0x76e72000 	C:\WINDOWS\system32\MSCTF.dll
0x73e60000 - 0x73f4e000 	C:\WINDOWS\system32\UxTheme.dll
0x05c30000 - 0x05c4a000 	C:\WINDOWS\system32\dwmapi.dll
0x05c60000 - 0x05c6f000 	C:\WINDOWS\WinSxS\x86_microsoft.vc90.mfcloc_1fc8b3b9a1e18e3b_9.0.30729.6161_none_49768ef57548175e\MFC90ESN.DLL
0x05cc0000 - 0x05cdd000 	C:\Program Files\MATLAB\R2011a\bin\win32\tbbmalloc.dll
0x07080000 - 0x0708f000 	C:\WINDOWS\SYSTEM32\profapi.dll
0x71870000 - 0x71890000 	C:\WINDOWS\SYSTEM32\iphlpapi.dll
0x71860000 - 0x71868000 	C:\WINDOWS\SYSTEM32\WINNSI.DLL
0x745f0000 - 0x7466e000 	C:\WINDOWS\SYSTEM32\DNSAPI.dll
0x70d20000 - 0x70d33000 	C:\WINDOWS\SYSTEM32\dhcpcsvc6.DLL
0x70d00000 - 0x70d14000 	C:\WINDOWS\SYSTEM32\dhcpcsvc.DLL
0x07090000 - 0x07093000 	C:\WINDOWS\SYSTEM32\icmp.Dll
0x73fa0000 - 0x73fa9000 	C:\WINDOWS\SYSTEM32\kernel.appcore.dll
0x74cd0000 - 0x74cda000 	C:\WINDOWS\SYSTEM32\CRYPTBASE.dll
0x74c70000 - 0x74cc4000 	C:\WINDOWS\SYSTEM32\bcryptPrimitives.dll
0x751b0000 - 0x751ec000 	C:\WINDOWS\system32\cfgmgr32.dll
0x0b6b0000 - 0x0b93b000 	C:\Program Files\MATLAB\R2011a\sys\java\jre\win32\jre\bin\client\jvm.dll
0x0b940000 - 0x0b963000 	C:\WINDOWS\SYSTEM32\WINMM.dll
0x7d910000 - 0x7d966000 	C:\Program Files\MATLAB\R2011a\bin\win32\MSVCR71.dll
0x0b970000 - 0x0b993000 	C:\WINDOWS\SYSTEM32\WINMMBASE.dll
0x0b9a0000 - 0x0b9c1000 	C:\WINDOWS\SYSTEM32\DEVOBJ.dll
0x0b9d0000 - 0x0ba70000 	C:\WINDOWS\system32\apphelp.dll
0x73da0000 - 0x73dac000 	C:\Program Files\MATLAB\R2011a\sys\java\jre\win32\jre\bin\verify.dll
0x73570000 - 0x7358f000 	C:\Program Files\MATLAB\R2011a\sys\java\jre\win32\jre\bin\java.dll
0x0baa0000 - 0x0baa8000 	C:\Program Files\MATLAB\R2011a\sys\java\jre\win32\jre\bin\hpi.dll
0x73ce0000 - 0x73cef000 	C:\Program Files\MATLAB\R2011a\sys\java\jre\win32\jre\bin\zip.dll
0x7daf0000 - 0x7db44000 	C:\Program Files\MATLAB\R2011a\sys\java\jre\win32\jre\bin\fontmanager.dll
0x1c810000 - 0x1c95a000 	C:\Program Files\MATLAB\R2011a\sys\java\jre\win32\jre\bin\awt.dll
0x1cd10000 - 0x1cf76000 	C:\WINDOWS\AppPatch\AcGenral.DLL

VM Arguments:
jvm_args: -Xss512k -XX:PermSize=32m -Xms64m -XX:NewRatio=3 -XX:MaxPermSize=64m -Xmx128m -XX:MaxDirectMemorySize=1200000000 -Dsun.java2d.noddraw=true -Dsun.awt.nopixfmt=true -Xshare:off -Xrs -Dsun.awt.disableMixing=true -Djava.library.path=C:\Program Files\MATLAB\R2011a\bin\win32 vfprintf abort 
java_command: <unknown>
Launcher Type: generic

Environment Variables:
PATH=C:\WINDOWS\system32;C:\WINDOWS;C:\WINDOWS\System32\Wbem;C:\WINDOWS\System32\WindowsPowerShell\v1.0\;c:\Program Files\Microsoft SQL Server\100\Tools\Binn\;c:\Program Files\Microsoft SQL Server\100\DTS\Binn\;C:\Program Files\MATLAB\MATLAB Compiler Runtime\v715\runtime\win32;C:\Program Files\MATLAB\R2011a\runtime\win32;C:\Program Files\MATLAB\R2011a\bin
USERNAME=InterplayPC
OS=Windows_NT
PROCESSOR_IDENTIFIER=x86 Family 6 Model 23 Stepping 10, GenuineIntel



---------------  S Y S T E M  ---------------

OS: Windows NT 6.2 Build 9200 

CPU:total 2 (2 cores per cpu, 1 threads per core) family 6 model 23 stepping 10, cmov, cx8, fxsr, mmx, sse, sse2, sse3, ssse3

Memory: 4k page, physical 2087220k(202972k free), swap 3070260k(506456k free)

vm_info: Java HotSpot(TM) Client VM (14.3-b01) for windows-x86 JRE (1.6.0_17-b04), built on Oct 11 2009 00:52:06 by "java_re" with MS VC++ 7.1

time: Wed Feb 21 01:40:22 2018
elapsed time: 298 seconds

