#
# A fatal error has been detected by the Java Runtime Environment:
#
#  Internal Error (os_windows_x86.cpp:114), pid=7508, tid=7512
#  Error: guarantee(result == -1,"Unexpected result from topLevelExceptionFilter")
#
# JRE version: 6.0_17-b04
# Java VM: Java HotSpot(TM) 64-Bit Server VM (14.3-b01 mixed mode windows-amd64 )
# If you would like to submit a bug report, please visit:
#   http://java.sun.com/webapps/bugreport/crash.jsp
# The crash happened outside the Java Virtual Machine in native code.
# See problematic frame for where to report the bug.
#

---------------  T H R E A D  ---------------

Current thread (0x000000001165b800):  JavaThread "main" [_thread_in_native, id=7512, stack(0x0000000001200000,0x0000000002700000)]

Stack: [0x0000000001200000,0x0000000002700000]
[error occurred during error reporting (printing stack bounds), id 0xc0000005]

Java frames: (J=compiled Java code, j=interpreted, Vv=VM code)
j  sun.jdbc.odbc.JdbcOdbc.execDirect(J[B[B)V+0
j  sun.jdbc.odbc.JdbcOdbc.SQLExecDirect(JLjava/lang/String;)V+93
j  sun.jdbc.odbc.JdbcOdbcStatement.execute(Ljava/lang/String;)Z+75
j  sun.jdbc.odbc.JdbcOdbcStatement.executeUpdate(Ljava/lang/String;)I+51
j  com.mathworks.toolbox.database.sqlExec.executeTheSqlStatement(Ljava/sql/Statement;)I+5
v  ~StubRoutines::call_stub

---------------  P R O C E S S  ---------------

Java Threads: ( => current thread )
  0x000000003835e800 JavaThread "Image Fetcher 0" daemon [_thread_blocked, id=6708, stack(0x0000000003bc0000,0x0000000003c40000)]
  0x000000003835c800 JavaThread "Timer-1311" [_thread_blocked, id=10028, stack(0x0000000004020000,0x00000000040a0000)]
  0x0000000038f0b000 JavaThread "pool-2-thread-1" [_thread_blocked, id=7304, stack(0x00000000058f0000,0x0000000005970000)]
  0x0000000038f09000 JavaThread "Foxtrot Multi Worker Thread Runner #1" daemon [_thread_blocked, id=8816, stack(0x0000000002c20000,0x0000000002ca0000)]
  0x0000000038360000 JavaThread "Code Analyzer updating thread" [_thread_blocked, id=848, stack(0x00000000403a0000,0x0000000040420000)]
  0x000000003835a000 JavaThread "Active Reference Queue Daemon" daemon [_thread_blocked, id=1304, stack(0x00000000433f0000,0x0000000043470000)]
  0x0000000038359800 JavaThread "Timer-8" daemon [_thread_blocked, id=1324, stack(0x0000000043370000,0x00000000433f0000)]
  0x000000003835f000 JavaThread "RequestQueue for GenericFileList" [_thread_blocked, id=5216, stack(0x0000000041040000,0x00000000410c0000)]
  0x000000003835d800 JavaThread "Timer-6" daemon [_thread_blocked, id=3892, stack(0x0000000040fc0000,0x0000000041040000)]
  0x0000000011997800 JavaThread "Prefs Updater" daemon [_thread_blocked, id=7784, stack(0x00000000406c0000,0x0000000040740000)]
  0x00000000396f5000 JavaThread "Timer-1" [_thread_blocked, id=7840, stack(0x00000000405a0000,0x0000000040620000)]
  0x000000003824d800 JavaThread "FelixPackageAdmin" daemon [_thread_blocked, id=2976, stack(0x0000000040320000,0x00000000403a0000)]
  0x00000000380e1000 JavaThread "FelixStartLevel" daemon [_thread_blocked, id=2660, stack(0x00000000402a0000,0x0000000040320000)]
  0x0000000011996800 JavaThread "FelixDispatchQueue" daemon [_thread_blocked, id=2768, stack(0x000000003b900000,0x000000003b980000)]
  0x0000000038e22800 JavaThread "TimerQueue" daemon [_thread_blocked, id=5444, stack(0x00000000095e0000,0x0000000009660000)]
  0x000000003775a000 JavaThread "AWT-EventQueue-0" [_thread_blocked, id=6372, stack(0x0000000039b80000,0x0000000039c00000)]
  0x00000000116f5000 JavaThread "AWT-Shutdown" [_thread_blocked, id=6016, stack(0x0000000039b00000,0x0000000039b80000)]
  0x00000000380da800 JavaThread "com.google.common.base.internal.Finalizer" daemon [_thread_blocked, id=8024, stack(0x00000000386a0000,0x0000000038720000)]
  0x00000000116f6000 JavaThread "AWT-Windows" daemon [_thread_in_native, id=8016, stack(0x00000000385a0000,0x0000000038620000)]
  0x00000000116f0800 JavaThread "Java2D Disposer" daemon [_thread_blocked, id=8008, stack(0x00000000384a0000,0x0000000038520000)]
  0x0000000037854000 JavaThread "Timer-0" [_thread_blocked, id=7780, stack(0x0000000037b10000,0x0000000037b90000)]
  0x000000003785e000 JavaThread "JMI Unnamed Thread" [_thread_in_native, id=7656, stack(0x000000000b010000,0x000000000c510000)]
  0x00000000118b5000 JavaThread "Low Memory Detector" daemon [_thread_blocked, id=7728, stack(0x0000000036190000,0x0000000036210000)]
  0x00000000118af800 JavaThread "CompilerThread1" daemon [_thread_blocked, id=7724, stack(0x0000000034c90000,0x0000000036190000)]
  0x00000000118af000 JavaThread "CompilerThread0" daemon [_thread_blocked, id=7720, stack(0x0000000033790000,0x0000000034c90000)]
  0x00000000118ae000 JavaThread "Attach Listener" daemon [_thread_blocked, id=7716, stack(0x0000000033710000,0x0000000033790000)]
  0x000000001173c000 JavaThread "Finalizer" daemon [_thread_blocked, id=7712, stack(0x0000000011a80000,0x0000000011b00000)]
  0x0000000011735000 JavaThread "Reference Handler" daemon [_thread_blocked, id=7708, stack(0x0000000011a00000,0x0000000011a80000)]
=>0x000000001165b800 JavaThread "main" [_thread_in_native, id=7512, stack(0x0000000001200000,0x0000000002700000)]

Other Threads:
  0x0000000011881800 VMThread [stack: 0x0000000032210000,0x0000000033710000] [id=7704]
  0x00000000118cb000 WatcherThread [stack: 0x0000000036210000,0x0000000037710000] [id=7732]

VM state:not at safepoint (normal execution)

VM Mutex/Monitor currently owned by a thread: None

Heap
 PSYoungGen      total 35968K, used 29804K [0x0000000029d10000, 0x000000002ce10000, 0x000000002ce10000)
  eden space 23744K, 91% used [0x0000000029d10000,0x000000002b239980,0x000000002b440000)
  from space 12224K, 66% used [0x000000002b440000,0x000000002bc31900,0x000000002c030000)
  to   space 12608K, 0% used [0x000000002c1c0000,0x000000002c1c0000,0x000000002ce10000)
 PSOldGen        total 150528K, used 76523K [0x0000000020a10000, 0x0000000029d10000, 0x0000000029d10000)
  object space 150528K, 50% used [0x0000000020a10000,0x00000000254cad70,0x0000000029d10000)
 PSPermGen       total 77376K, used 70621K [0x0000000018a10000, 0x000000001d5a0000, 0x0000000020a10000)
  object space 77376K, 91% used [0x0000000018a10000,0x000000001cf075d0,0x000000001d5a0000)

Dynamic libraries:
0x00007ff7ea7c0000 - 0x00007ff7ea7e9000 	C:\Program Files\MATLAB\R2011a\bin\win64\MATLAB.exe
0x00007ff8a7420000 - 0x00007ff8a75e1000 	C:\WINDOWS\SYSTEM32\ntdll.dll
0x00007ff8a6c50000 - 0x00007ff8a6cfd000 	C:\WINDOWS\system32\KERNEL32.DLL
0x00007ff8a3b30000 - 0x00007ff8a3d18000 	C:\WINDOWS\system32\KERNELBASE.dll
0x00007ff8a19b0000 - 0x00007ff8a1a29000 	C:\WINDOWS\system32\apphelp.dll
0x0000000074460000 - 0x0000000074569000 	C:\Program Files\MATLAB\R2011a\bin\win64\libut.dll
0x000000007bed0000 - 0x000000007c0f5000 	C:\Program Files\MATLAB\R2011a\bin\win64\libmwservices.dll
0x0000000073f70000 - 0x000000007407d000 	C:\Program Files\MATLAB\R2011a\bin\win64\libmwfl.dll
0x0000000074970000 - 0x0000000074a34000 	C:\Program Files\MATLAB\R2011a\bin\win64\mcr.dll
0x00007ff8a6f90000 - 0x00007ff8a6f98000 	C:\WINDOWS\system32\PSAPI.DLL
0x00007ff8a5100000 - 0x00007ff8a51a7000 	C:\WINDOWS\system32\ADVAPI32.dll
0x00007ff8a5050000 - 0x00007ff8a50ed000 	C:\WINDOWS\system32\msvcrt.dll
0x00007ff8a51b0000 - 0x00007ff8a520b000 	C:\WINDOWS\system32\sechost.dll
0x00007ff8a55d0000 - 0x00007ff8a56ec000 	C:\WINDOWS\system32\RPCRT4.dll
0x00007ff8a4ef0000 - 0x00007ff8a5046000 	C:\WINDOWS\system32\USER32.dll
0x00007ff8a7250000 - 0x00007ff8a73d6000 	C:\WINDOWS\system32\GDI32.dll
0x000000005b130000 - 0x000000005b203000 	C:\WINDOWS\WinSxS\amd64_microsoft.vc90.crt_1fc8b3b9a1e18e3b_9.0.30729.9177_none_08e695a3a83b6ce3\MSVCP90.dll
0x000000005b080000 - 0x000000005b123000 	C:\WINDOWS\WinSxS\amd64_microsoft.vc90.crt_1fc8b3b9a1e18e3b_9.0.30729.9177_none_08e695a3a83b6ce3\MSVCR90.dll
0x00000000758a0000 - 0x0000000075920000 	C:\Program Files\MATLAB\R2011a\bin\win64\libmwi18n.dll
0x000000007a3b0000 - 0x000000007a3c0000 	C:\Program Files\MATLAB\R2011a\bin\win64\boost_date_time-vc90-mt-1_40.dll
0x00007ff8a6e80000 - 0x00007ff8a6f8b000 	C:\WINDOWS\system32\COMDLG32.dll
0x00007ff8a6fc0000 - 0x00007ff8a723d000 	C:\WINDOWS\system32\combase.dll
0x00007ff8a3fa0000 - 0x00007ff8a400a000 	C:\WINDOWS\system32\bcryptPrimitives.dll
0x00007ff8a4060000 - 0x00007ff8a4115000 	C:\WINDOWS\system32\shcore.dll
0x00007ff8a5510000 - 0x00007ff8a5562000 	C:\WINDOWS\system32\SHLWAPI.dll
0x00007ff8a56f0000 - 0x00007ff8a6c4c000 	C:\WINDOWS\system32\SHELL32.dll
0x00007ff8a4010000 - 0x00007ff8a4053000 	C:\WINDOWS\system32\cfgmgr32.dll
0x00007ff8a41d0000 - 0x00007ff8a4815000 	C:\WINDOWS\system32\windows.storage.dll
0x00007ff8a3a70000 - 0x00007ff8a3a7f000 	C:\WINDOWS\system32\kernel.appcore.dll
0x00007ff8a3a80000 - 0x00007ff8a3acb000 	C:\WINDOWS\system32\powrprof.dll
0x00007ff8a3a50000 - 0x00007ff8a3a64000 	C:\WINDOWS\system32\profapi.dll
0x00007ff8a4120000 - 0x00007ff8a41a6000 	C:\WINDOWS\system32\FirewallAPI.dll
0x00007ff8a41b0000 - 0x00007ff8a41c7000 	C:\WINDOWS\system32\NETAPI32.dll
0x00007ff8a6e10000 - 0x00007ff8a6e7b000 	C:\WINDOWS\system32\WS2_32.dll
0x00007ff8a5210000 - 0x00007ff8a5353000 	C:\WINDOWS\system32\ole32.dll
0x00007ff8a4820000 - 0x00007ff8a48e1000 	C:\WINDOWS\system32\OLEAUT32.dll
0x000000007a560000 - 0x000000007a569000 	C:\Program Files\MATLAB\R2011a\bin\win64\boost_system-vc90-mt-1_40.dll
0x000000007a2d0000 - 0x000000007a2e2000 	C:\Program Files\MATLAB\R2011a\bin\win64\boost_thread-vc90-mt-1_40.dll
0x00007ff8a6fa0000 - 0x00007ff8a6fbc000 	C:\WINDOWS\system32\imagehlp.dll
0x00000000740b0000 - 0x0000000074223000 	C:\Program Files\MATLAB\R2011a\bin\win64\icuuc42.dll
0x000000007a3d0000 - 0x000000007a3e3000 	C:\Program Files\MATLAB\R2011a\bin\win64\icuio42.dll
0x0000000180000000 - 0x0000000180046000 	C:\Program Files\MATLAB\R2011a\bin\win64\tbb.dll
0x00007ff8932f0000 - 0x00007ff89347c000 	C:\WINDOWS\SYSTEM32\dbghelp.dll
0x0000000000e20000 - 0x0000000000e2b000 	C:\Program Files\MATLAB\R2011a\bin\win64\libmwresource_core.dll
0x000000007a170000 - 0x000000007a189000 	C:\Program Files\MATLAB\R2011a\bin\win64\boost_filesystem-vc90-mt-1_40.dll
0x000000007a010000 - 0x000000007a035000 	C:\Program Files\MATLAB\R2011a\bin\win64\LIBEXPAT.dll
0x00000000739d0000 - 0x0000000073b8c000 	C:\Program Files\MATLAB\R2011a\bin\win64\icuin42.dll
0x0000000075a20000 - 0x0000000075ab2000 	C:\Program Files\MATLAB\R2011a\bin\win64\libmx.dll
0x0000000074330000 - 0x000000007444b000 	C:\Program Files\MATLAB\R2011a\bin\win64\libmwmathutil.dll
0x000000005a990000 - 0x000000005a9e4000 	C:\Program Files\MATLAB\R2011a\bin\win64\mpath.dll
0x000000007b680000 - 0x000000007b982000 	C:\Program Files\MATLAB\R2011a\bin\win64\mlutil.dll
0x0000000000e30000 - 0x0000000000ec3000 	C:\Program Files\MATLAB\R2011a\bin\win64\libmwMATLAB_res.dll
0x00007ff893240000 - 0x00007ff8932ea000 	C:\WINDOWS\WinSxS\amd64_microsoft.windows.common-controls_6595b64144ccf1df_5.82.10586.0_none_396e892957c7fb25\COMCTL32.dll
0x000000007a250000 - 0x000000007a263000 	C:\Program Files\MATLAB\R2011a\bin\win64\boost_signals-vc90-mt-1_40.dll
0x0000000075000000 - 0x00000000750e4000 	C:\Program Files\MATLAB\R2011a\bin\win64\iqm.dll
0x0000000079fb0000 - 0x0000000079fde000 	C:\Program Files\MATLAB\R2011a\bin\win64\libmwbridge.dll
0x000000005a8d0000 - 0x000000005a8df000 	C:\Program Files\MATLAB\R2011a\bin\win64\libmex.dll
0x000000005a8e0000 - 0x000000005a984000 	C:\Program Files\MATLAB\R2011a\bin\win64\m_dispatcher.dll
0x000000005a680000 - 0x000000005a8cb000 	C:\Program Files\MATLAB\R2011a\bin\win64\mcos.dll
0x000000005a530000 - 0x000000005a671000 	C:\Program Files\MATLAB\R2011a\bin\win64\libmwgui.dll
0x0000000059cb0000 - 0x000000005a530000 	C:\Program Files\MATLAB\R2011a\bin\win64\hg.dll
0x0000000059450000 - 0x000000005950c000 	C:\Program Files\MATLAB\R2011a\bin\win64\hgutils.dll
0x0000000059510000 - 0x0000000059cac000 	C:\Program Files\MATLAB\R2011a\bin\win64\m_interpreter.dll
0x00000000592b0000 - 0x000000005932b000 	C:\Program Files\MATLAB\R2011a\bin\win64\jmi.dll
0x00000000593a0000 - 0x0000000059449000 	C:\Program Files\MATLAB\R2011a\bin\win64\udd_mi.dll
0x0000000006600000 - 0x00000000068c4000 	C:\Program Files\MATLAB\R2011a\bin\win64\uiw.dll
0x0000000059290000 - 0x00000000592ab000 	C:\Program Files\MATLAB\R2011a\bin\win64\mwoles05.DLL
0x0000000059330000 - 0x000000005939e000 	C:\Program Files\MATLAB\R2011a\bin\win64\comcli.dll
0x0000000059280000 - 0x000000005928c000 	C:\Program Files\MATLAB\R2011a\bin\win64\mlautoregister.dll
0x0000000000ed0000 - 0x0000000000edd000 	C:\Program Files\MATLAB\R2011a\bin\win64\boost_iostreams-vc90-mt-1_40.dll
0x00000000068d0000 - 0x0000000007817000 	C:\Program Files\MATLAB\R2011a\bin\win64\icudt42.dll
0x000000007a210000 - 0x000000007a226000 	C:\Program Files\MATLAB\R2011a\bin\win64\zlib1.dll
0x00000000591c0000 - 0x0000000059279000 	C:\Program Files\MATLAB\R2011a\bin\win64\udd.dll
0x0000000058b80000 - 0x0000000058c02000 	C:\Program Files\MATLAB\R2011a\bin\win64\xmlcore.dll
0x0000000074880000 - 0x0000000074945000 	C:\Program Files\MATLAB\R2011a\bin\win64\boost_regex-vc90-mt-1_40.dll
0x000000007bc30000 - 0x000000007be83000 	C:\Program Files\MATLAB\R2011a\bin\win64\xerces-c_2_7.dll
0x00000000591a0000 - 0x00000000591b7000 	C:\Program Files\MATLAB\R2011a\bin\win64\graphics_util.dll
0x0000000076100000 - 0x000000007614f000 	C:\Program Files\MATLAB\R2011a\bin\win64\libmat.dll
0x0000000059160000 - 0x000000005919c000 	C:\Program Files\MATLAB\R2011a\bin\win64\libmwhardcopy.dll
0x0000000059100000 - 0x0000000059158000 	C:\Program Files\MATLAB\R2011a\bin\win64\libuij.dll
0x0000000058910000 - 0x0000000058af3000 	C:\Program Files\MATLAB\R2011a\bin\win64\hgdatatypes.dll
0x0000000058b00000 - 0x0000000058b7c000 	C:\Program Files\MATLAB\R2011a\bin\win64\libmwlapack.dll
0x0000000058c10000 - 0x00000000590f4000 	C:\WINDOWS\WinSxS\amd64_microsoft.vc90.mfc_1fc8b3b9a1e18e3b_9.0.30729.1_none_951ab4128654b0c9\mfc90.dll
0x00007ff89e020000 - 0x00007ff89e0a4000 	C:\WINDOWS\SYSTEM32\WINSPOOL.DRV
0x0000000058160000 - 0x00000000581df000 	C:\Program Files\MATLAB\R2011a\bin\win64\profiler.dll
0x0000000079f40000 - 0x0000000079f6c000 	C:\Program Files\MATLAB\R2011a\bin\win64\libmwmathrng.dll
0x00000000588c0000 - 0x00000000588e0000 	C:\Program Files\MATLAB\R2011a\bin\win64\m_pcodeio.dll
0x0000000079b10000 - 0x0000000079b71000 	C:\Program Files\MATLAB\R2011a\bin\win64\m_ir.dll
0x0000000058280000 - 0x00000000588bb000 	C:\Program Files\MATLAB\R2011a\bin\win64\m_parser.dll
0x00000000588e0000 - 0x000000005890b000 	C:\Program Files\MATLAB\R2011a\bin\win64\m_pcodegen.dll
0x0000000076160000 - 0x00000000761c2000 	C:\Program Files\MATLAB\R2011a\bin\win64\libmwspmatrix.dll
0x0000000058240000 - 0x000000005824a000 	C:\Program Files\MATLAB\R2011a\bin\win64\uinone.dll
0x0000000000ee0000 - 0x0000000000eee000 	C:\Program Files\MATLAB\R2011a\bin\win64\nativejava_services.dll
0x0000000058250000 - 0x000000005827f000 	C:\WINDOWS\WinSxS\amd64_microsoft.vc90.atl_1fc8b3b9a1e18e3b_9.0.30729.1_none_9aefdaaa829eb818\ATL90.DLL
0x00007ff89daf0000 - 0x00007ff89dafc000 	C:\WINDOWS\SYSTEM32\DAVHLPR.DLL
0x0000000072d30000 - 0x0000000072f33000 	C:\Program Files\MATLAB\R2011a\bin\win64\libhdf5.dll
0x00007ff89e0e0000 - 0x00007ff89e0e7000 	C:\WINDOWS\SYSTEM32\MSIMG32.dll
0x00007ff8a3640000 - 0x00007ff8a3669000 	C:\WINDOWS\SYSTEM32\bcrypt.dll
0x0000000058210000 - 0x0000000058222000 	C:\Program Files\MATLAB\R2011a\bin\win64\libmwbinder.dll
0x0000000058230000 - 0x000000005823b000 	C:\Program Files\MATLAB\R2011a\bin\win64\libmwompwrapper.dll
0x00000000581f0000 - 0x0000000058209000 	C:\Program Files\MATLAB\R2011a\bin\win64\ir_xfmr.dll
0x00000000581e0000 - 0x00000000581ec000 	C:\Program Files\MATLAB\R2011a\bin\win64\mtok.dll
0x00007ff8a73e0000 - 0x00007ff8a741b000 	C:\WINDOWS\system32\IMM32.DLL
0x00007ff8a28c0000 - 0x00007ff8a28f2000 	C:\WINDOWS\SYSTEM32\fwbase.dll
0x00007ff8a25a0000 - 0x00007ff8a2636000 	C:\WINDOWS\SYSTEM32\UxTheme.dll
0x00007ff8a0c10000 - 0x00007ff8a0c32000 	C:\WINDOWS\SYSTEM32\dwmapi.dll
0x0000000000ff0000 - 0x0000000000fff000 	C:\WINDOWS\WinSxS\amd64_microsoft.vc90.mfcloc_1fc8b3b9a1e18e3b_9.0.30729.1_none_92995f253c01eddb\MFC90ESN.DLL
0x00007ff8a4d90000 - 0x00007ff8a4eea000 	C:\WINDOWS\system32\MSCTF.dll
0x00007ff88e860000 - 0x00007ff88e8a8000 	C:\Program Files (x86)\TeamViewer\tv_x64.dll
0x00007ff89bc20000 - 0x00007ff89bc2a000 	C:\WINDOWS\SYSTEM32\VERSION.dll
0x0000000009060000 - 0x0000000009089000 	C:\Program Files\MATLAB\R2011a\bin\win64\tbbmalloc.dll
0x00007ff8a0cd0000 - 0x00007ff8a0d08000 	C:\WINDOWS\SYSTEM32\iphlpapi.dll
0x00007ff8a23c0000 - 0x00007ff8a246a000 	C:\WINDOWS\SYSTEM32\DNSAPI.dll
0x00007ff8a50f0000 - 0x00007ff8a50f8000 	C:\WINDOWS\system32\NSI.dll
0x00007ff8a0720000 - 0x00007ff8a0736000 	C:\WINDOWS\SYSTEM32\dhcpcsvc6.DLL
0x00007ff8a0940000 - 0x00007ff8a095a000 	C:\WINDOWS\SYSTEM32\dhcpcsvc.DLL
0x00007ff8a0d90000 - 0x00007ff8a0d9b000 	C:\WINDOWS\SYSTEM32\WINNSI.DLL
0x0000000009090000 - 0x0000000009093000 	C:\WINDOWS\SYSTEM32\icmp.Dll
0x0000000078870000 - 0x0000000078ecd000 	C:\Program Files\MATLAB\R2011a\sys\java\jre\win64\jre\bin\server\jvm.dll
0x00007ff8a1b00000 - 0x00007ff8a1b23000 	C:\WINDOWS\SYSTEM32\WINMM.dll
0x0000000009750000 - 0x000000000977c000 	C:\WINDOWS\SYSTEM32\WINMMBASE.dll
0x000000007a440000 - 0x000000007a44e000 	C:\Program Files\MATLAB\R2011a\sys\java\jre\win64\jre\bin\verify.dll
0x000000007a070000 - 0x000000007a097000 	C:\Program Files\MATLAB\R2011a\sys\java\jre\win64\jre\bin\java.dll
0x000000007a540000 - 0x000000007a54a000 	C:\Program Files\MATLAB\R2011a\sys\java\jre\win64\jre\bin\hpi.dll
0x000000007a370000 - 0x000000007a382000 	C:\Program Files\MATLAB\R2011a\sys\java\jre\win64\jre\bin\zip.dll
0x0000000075b90000 - 0x0000000075bfb000 	C:\Program Files\MATLAB\R2011a\sys\java\jre\win64\jre\bin\fontmanager.dll
0x0000000073150000 - 0x0000000073311000 	C:\Program Files\MATLAB\R2011a\sys\java\jre\win64\jre\bin\awt.dll
0x0000000079cf0000 - 0x0000000079d36000 	C:\Program Files\MATLAB\R2011a\bin\win64\nativejmi.dll

VM Arguments:
jvm_args: -Xss512k -XX:PermSize=32m -Xms64m -XX:NewRatio=3 -XX:MaxPermSize=128m -Xmx196m -XX:MaxDirectMemorySize=2147400000 -Dsun.java2d.noddraw=true -Dsun.awt.nopixfmt=true -Xshare:off -Xrs -Dsun.awt.disableMixing=true -Djava.library.path=C:\Program Files\MATLAB\R2011a\bin\win64 vfprintf abort 
java_command: <unknown>
Launcher Type: generic

Environment Variables:
PATH=c:\Program Files (x86)\Intel\iCLS Client\;c:\Program Files\Intel\iCLS Client\;C:\WINDOWS\system32;C:\WINDOWS;C:\WINDOWS\System32\Wbem;C:\WINDOWS\System32\WindowsPowerShell\v1.0\;C:\Program Files (x86)\Intel\OpenCL SDK\2.0\bin\x86;C:\Program Files (x86)\Intel\OpenCL SDK\2.0\bin\x64;C:\Program Files (x86)\Windows Live\Shared;C:\Program Files\MATLAB\R2011a\runtime\win64;C:\Program Files\MATLAB\R2011a\bin;C:\Program Files (x86)\Kofax\Imgctls\bin;C:\Program Files\Intel\Intel(R) Management Engine Components\DAL;C:\Program Files\Intel\Intel(R) Management Engine Components\IPT;C:\Program Files (x86)\Intel\Intel(R) Management Engine Components\DAL;C:\Program Files (x86)\Intel\Intel(R) Management Engine Components\IPT
USERNAME=sistemas3
OS=Windows_NT
PROCESSOR_IDENTIFIER=Intel64 Family 6 Model 58 Stepping 9, GenuineIntel



---------------  S Y S T E M  ---------------

OS: Windows NT 6.2 Build 9200 

CPU:total 4 (8 cores per cpu, 2 threads per core) family 6 model 58 stepping 9, cmov, cx8, fxsr, mmx, sse, sse2, sse3, ssse3, sse4.1, sse4.2, ht

Memory: 4k page, physical 8282880k(4164856k free), swap 8692480k(2456736k free)

vm_info: Java HotSpot(TM) 64-Bit Server VM (14.3-b01) for windows-amd64 JRE (1.6.0_17-b04), built on Oct 11 2009 00:46:08 by "java_re" with MS VC++ 8.0

time: Sun Mar 13 17:00:30 2016
elapsed time: 15020 seconds

