#
# A fatal error has been detected by the Java Runtime Environment:
#
#  EXCEPTION_ACCESS_VIOLATION (0xc0000005) at pc=0x2f0d65f5, pid=444, tid=5700
#
# JRE version: 6.0_17-b04
# Java VM: Java HotSpot(TM) Client VM (14.3-b01 mixed mode windows-x86 )
# Problematic frame:
# C  0x2f0d65f5
#
# If you would like to submit a bug report, please visit:
#   http://java.sun.com/webapps/bugreport/crash.jsp
# The crash happened outside the Java Virtual Machine in native code.
# See problematic frame for where to report the bug.
#

---------------  T H R E A D  ---------------

Current thread (0x0b42b400):  JavaThread "main" [_thread_in_native, id=5700, stack(0x002e0000,0x00ae0000)]

siginfo: ExceptionCode=0xc0000005, writing address 0x00000000

Registers:
EAX=0x2f0d65f3, EBX=0x00ad523c, ECX=0x00000000, EDX=0x00000000
ESP=0x00ad4f64, EBP=0x00ad56f4, ESI=0x2f49b9f8, EDI=0x00ad56e8
EIP=0x2f0d65f5, EFLAGS=0x00010246

Top of Stack: (sp=0x00ad4f64)
0x00ad4f64:   6b2cd637 00ad56e8 2f49b9f8 00ad4f80
0x00ad4f74:   00ad56e8 00ad523c 00ad56f4 00ad4fac
0x00ad4f84:   6b2ce892 2f0d65f3 00ad56e8 00000100
0x00ad4f94:   00ad5018 6b2cea80 5b913468 2f49b9d4
0x00ad4fa4:   00ad56e8 00000001 00ad5028 6b2c3708
0x00ad4fb4:   00ad56e8 2f49b9d4 2f0d65f3 00000000
0x00ad4fc4:   00000100 5b912bd4 00ad56e8 2f49b9f8
0x00ad4fd4:   00ad523c 00ad568c 00000000 00000001 

Instructions: (pc=0x2f0d65f5)
0x2f0d65e5:   c3 8b 0e 89 0f 8b 01 ff 10 e9 c1 fc e9 ff 33 c9
0x2f0d65f5:   c7 05 00 00 00 00 01 00 00 00 cd 29 33 c0 83 f9 


Stack: [0x002e0000,0x00ae0000],  sp=0x00ad4f64,  free space=8147k
Native frames: (J=compiled Java code, j=interpreted, Vv=VM code, C=native code)
C  0x2f0d65f5
C  0x2ef75910
C  0x2ef754aa
C  0x2f699935
C  0x2fc3d25f
C  0x2fc3d233
C  0x2fc3d17b
C  0x2d272071
C  0x2d271fa1
C  0x5e08402e
C  0x5e083689
C  0x5e107beb
C  0x5e10cfd0
C  0x5e1055da
C  0x6d374df2
j  sun.jdbc.odbc.JdbcOdbc.driverConnect(J[B[B)V+0
j  sun.jdbc.odbc.JdbcOdbc.SQLDriverConnect(JLjava/lang/String;)V+93
j  sun.jdbc.odbc.JdbcOdbcConnection.initialize(Ljava/lang/String;Ljava/util/Properties;I)V+984
j  sun.jdbc.odbc.JdbcOdbcDriver.connect(Ljava/lang/String;Ljava/util/Properties;)Ljava/sql/Connection;+129
j  java.sql.DriverManager.getConnection(Ljava/lang/String;Ljava/util/Properties;Ljava/lang/ClassLoader;)Ljava/sql/Connection;+210
j  java.sql.DriverManager.getConnection(Ljava/lang/String;Ljava/util/Properties;)Ljava/sql/Connection;+7
j  com.mathworks.toolbox.database.databaseConnect.makeDatabaseConnection()Ljava/util/Vector;+231
v  ~StubRoutines::call_stub
V  [jvm.dll+0xecf9c]
V  [jvm.dll+0x1741d1]
V  [jvm.dll+0xed01d]
V  [jvm.dll+0xf5e2f]
V  [jvm.dll+0xf79b7]
C  [jmi.dll+0x139de]
C  [jmi.dll+0x1e2dc]
C  [jmi.dll+0x1e6d9]
C  [jmi.dll+0x2b10e]
C  [jmi.dll+0x2b208]
C  [mcos.dll+0x4e126]
C  [m_dispatcher.dll+0x11c35]
C  [m_dispatcher.dll+0x118cf]
C  [m_interpreter.dll+0x713e6]
C  [m_interpreter.dll+0x6e200]
C  [m_interpreter.dll+0x7f677]
C  [m_interpreter.dll+0x7f792]
C  [m_interpreter.dll+0x76580]
C  [m_interpreter.dll+0x74307]
C  [m_interpreter.dll+0x7ac79]
C  [m_dispatcher.dll+0x114b8]
C  [m_dispatcher.dll+0x118cf]
C  [m_interpreter.dll+0x713e6]
C  [m_interpreter.dll+0x6e200]
C  [m_interpreter.dll+0x7f677]
C  [m_interpreter.dll+0x7f792]
C  [m_interpreter.dll+0x76580]
C  [m_interpreter.dll+0x74307]
C  [m_interpreter.dll+0x7ac79]
C  [m_dispatcher.dll+0x114b8]
C  [m_dispatcher.dll+0x118cf]
C  [m_dispatcher.dll+0x150b4]
C  [m_dispatcher.dll+0x120d1]
C  [libmx.dll+0x2c204]
C  [m_interpreter.dll+0xb905c]
C  [m_dispatcher.dll+0x11db5]
C  [m_dispatcher.dll+0x11d3b]
C  [m_dispatcher.dll+0x117aa]
C  [m_interpreter.dll+0x713e6]
C  [m_interpreter.dll+0x6e200]
C  [m_interpreter.dll+0x7f677]
C  [m_interpreter.dll+0x7f792]
C  [m_interpreter.dll+0x76580]
C  [m_interpreter.dll+0x74307]
C  [m_interpreter.dll+0x7ac79]
C  [m_dispatcher.dll+0x114b8]
C  [m_dispatcher.dll+0x118cf]
C  [m_interpreter.dll+0x713e6]
C  [m_interpreter.dll+0x6e200]
C  [m_interpreter.dll+0x7f677]
C  [m_interpreter.dll+0x7f792]
C  [m_interpreter.dll+0x76580]
C  [m_interpreter.dll+0x74307]
C  [m_interpreter.dll+0x7ac79]
C  [m_dispatcher.dll+0x114b8]
C  [m_dispatcher.dll+0x118cf]
C  [m_interpreter.dll+0x713e6]
C  [m_interpreter.dll+0x6e200]
C  [m_interpreter.dll+0x7f677]
C  [m_interpreter.dll+0x7f792]
C  [m_interpreter.dll+0x76580]
C  [m_interpreter.dll+0x74307]
C  [m_interpreter.dll+0x7abe7]
C  [m_dispatcher.dll+0x1288a]
C  [m_dispatcher.dll+0x12bce]
C  [m_dispatcher.dll+0x120d1]
C  [libmx.dll+0x2c204]
C  [m_interpreter.dll+0xb905c]
C  [libmwgui.dll+0x38ed2]
C  [libmwgui.dll+0x396a8]
C  [libmwgui.dll+0x39773]
C  [hg.dll+0x3b69f]
C  [hg.dll+0x3c48a]
C  [hg.dll+0x10f34b]
C  [hg.dll+0x10ff84]
C  [hg.dll+0xc0f84]
C  [hg.dll+0xb7dff]
...<more frames>...

Java frames: (J=compiled Java code, j=interpreted, Vv=VM code)
j  sun.jdbc.odbc.JdbcOdbc.driverConnect(J[B[B)V+0
j  sun.jdbc.odbc.JdbcOdbc.SQLDriverConnect(JLjava/lang/String;)V+93
j  sun.jdbc.odbc.JdbcOdbcConnection.initialize(Ljava/lang/String;Ljava/util/Properties;I)V+984
j  sun.jdbc.odbc.JdbcOdbcDriver.connect(Ljava/lang/String;Ljava/util/Properties;)Ljava/sql/Connection;+129
j  java.sql.DriverManager.getConnection(Ljava/lang/String;Ljava/util/Properties;Ljava/lang/ClassLoader;)Ljava/sql/Connection;+210
j  java.sql.DriverManager.getConnection(Ljava/lang/String;Ljava/util/Properties;)Ljava/sql/Connection;+7
j  com.mathworks.toolbox.database.databaseConnect.makeDatabaseConnection()Ljava/util/Vector;+231
v  ~StubRoutines::call_stub

---------------  P R O C E S S  ---------------

Java Threads: ( => current thread )
  0x1f459000 JavaThread "Code Analyzer updating thread" [_thread_blocked, id=5448, stack(0x08060000,0x080e0000)]
  0x1f45a000 JavaThread "Foxtrot Multi Worker Thread Runner #1" daemon [_thread_blocked, id=2136, stack(0x08540000,0x085c0000)]
  0x1f458800 JavaThread "RequestQueue for GenericFileList" [_thread_blocked, id=6108, stack(0x238d0000,0x23950000)]
  0x1f45a800 JavaThread "Code Analyzer updating thread" [_thread_blocked, id=5360, stack(0x206a0000,0x20720000)]
  0x1f458400 JavaThread "Code Analyzer updating thread" [_thread_blocked, id=4648, stack(0x20620000,0x206a0000)]
  0x1f457800 JavaThread "Active Reference Queue Daemon" daemon [_thread_blocked, id=4576, stack(0x20540000,0x205c0000)]
  0x1d2cac00 JavaThread "Timer-5" daemon [_thread_blocked, id=6028, stack(0x204c0000,0x20540000)]
  0x1d2ca800 JavaThread "Timer-4" daemon [_thread_blocked, id=5268, stack(0x203b0000,0x20430000)]
  0x1d2cb800 JavaThread "Prefs Updater" daemon [_thread_blocked, id=5136, stack(0x1f270000,0x1f2f0000)]
  0x1d2c9400 JavaThread "Timer-1" [_thread_blocked, id=6060, stack(0x1f1f0000,0x1f270000)]
  0x1d2cb400 JavaThread "FelixPackageAdmin" daemon [_thread_blocked, id=3012, stack(0x1ed20000,0x1eda0000)]
  0x1d2cc000 JavaThread "FelixStartLevel" daemon [_thread_blocked, id=2928, stack(0x1eca0000,0x1ed20000)]
  0x1d2cc400 JavaThread "FelixDispatchQueue" daemon [_thread_blocked, id=6068, stack(0x1ec20000,0x1eca0000)]
  0x1d2c9000 JavaThread "TimerQueue" daemon [_thread_blocked, id=2092, stack(0x1eaa0000,0x1eb20000)]
  0x1d19e000 JavaThread "AWT-EventQueue-0" [_thread_blocked, id=4544, stack(0x1da90000,0x1db10000)]
  0x1d16f800 JavaThread "com.google.common.base.internal.Finalizer" daemon [_thread_blocked, id=1556, stack(0x1d890000,0x1d910000)]
  0x1d0f8800 JavaThread "AWT-Windows" daemon [_thread_in_native, id=1008, stack(0x1d790000,0x1d810000)]
  0x1d0f8400 JavaThread "AWT-Shutdown" [_thread_blocked, id=4424, stack(0x1d710000,0x1d790000)]
  0x1d0f7c00 JavaThread "Java2D Disposer" daemon [_thread_blocked, id=5356, stack(0x1c460000,0x1c4e0000)]
  0x1c1f7800 JavaThread "Timer-0" [_thread_blocked, id=5740, stack(0x0ff60000,0x0ffe0000)]
  0x1c1b8c00 JavaThread "JMI Unnamed Thread" [_thread_in_native, id=5332, stack(0x074e0000,0x07ce0000)]
  0x0b4d8c00 JavaThread "Low Memory Detector" daemon [_thread_blocked, id=4940, stack(0x0f6e0000,0x0f760000)]
  0x0b4d8800 JavaThread "CompilerThread0" daemon [_thread_blocked, id=4704, stack(0x0eee0000,0x0f6e0000)]
  0x0b4d3c00 JavaThread "Attach Listener" daemon [_thread_blocked, id=3844, stack(0x0ee60000,0x0eee0000)]
  0x0b4b0c00 JavaThread "Finalizer" daemon [_thread_blocked, id=1616, stack(0x0ede0000,0x0ee60000)]
  0x0b4af800 JavaThread "Reference Handler" daemon [_thread_blocked, id=5080, stack(0x0ed60000,0x0ede0000)]
=>0x0b42b400 JavaThread "main" [_thread_in_native, id=5700, stack(0x002e0000,0x00ae0000)]

Other Threads:
  0x0b4ac800 VMThread [stack: 0x0e560000,0x0ed60000] [id=5792]
  0x0b4e7c00 WatcherThread [stack: 0x0f760000,0x0ff60000] [id=3124]

VM state:not at safepoint (normal execution)

VM Mutex/Monitor currently owned by a thread: None

Heap
 def new generation   total 20096K, used 362K [0x10010000, 0x115d0000, 0x12010000)
  eden space 17920K,   2% used [0x10010000, 0x1006aa28, 0x11190000)
  from space 2176K,   0% used [0x11190000, 0x11190000, 0x113b0000)
  to   space 2176K,   0% used [0x113b0000, 0x113b0000, 0x115d0000)
 tenured generation   total 66672K, used 40002K [0x12010000, 0x1612c000, 0x18010000)
   the space 66672K,  59% used [0x12010000, 0x14720830, 0x14720a00, 0x1612c000)
 compacting perm gen  total 41728K, used 41631K [0x18010000, 0x1a8d0000, 0x1c010000)
   the space 41728K,  99% used [0x18010000, 0x1a8b7da0, 0x1a8b7e00, 0x1a8d0000)
No shared spaces configured.

Dynamic libraries:
0x01000000 - 0x01025000 	C:\Program Files\MATLAB\R2011a\bin\win32\MATLAB.exe
0x775d0000 - 0x7773a000 	C:\WINDOWS\SYSTEM32\ntdll.dll
0x77310000 - 0x77410000 	C:\WINDOWS\system32\KERNEL32.DLL
0x00b10000 - 0x00b3f000 	C:\Program Files\AVAST Software\Avast\aswhookx.dll
0x750d0000 - 0x751aa000 	C:\WINDOWS\system32\KERNELBASE.dll
0x7ef10000 - 0x7efcd000 	C:\Program Files\MATLAB\R2011a\bin\win32\libut.dll
0x7ee50000 - 0x7ef07000 	C:\Program Files\MATLAB\R2011a\bin\win32\libmwfl.dll
0x754e0000 - 0x7567b000 	C:\Program Files\MATLAB\R2011a\bin\win32\libmwservices.dll
0x7f270000 - 0x7f2f9000 	C:\Program Files\MATLAB\R2011a\bin\win32\mcr.dll
0x00d10000 - 0x00d9e000 	C:\WINDOWS\WinSxS\x86_microsoft.vc90.crt_1fc8b3b9a1e18e3b_9.0.30729.8387_none_5094ca96bcb6b2bb\MSVCP90.dll
0x00da0000 - 0x00e43000 	C:\WINDOWS\WinSxS\x86_microsoft.vc90.crt_1fc8b3b9a1e18e3b_9.0.30729.8387_none_5094ca96bcb6b2bb\MSVCR90.dll
0x7dce0000 - 0x7dd35000 	C:\Program Files\MATLAB\R2011a\bin\win32\libmwi18n.dll
0x73d00000 - 0x73d0e000 	C:\Program Files\MATLAB\R2011a\bin\win32\boost_date_time-vc90-mt-1_40.dll
0x73f70000 - 0x73f77000 	C:\Program Files\MATLAB\R2011a\bin\win32\boost_system-vc90-mt-1_40.dll
0x73d10000 - 0x73d1f000 	C:\Program Files\MATLAB\R2011a\bin\win32\boost_thread-vc90-mt-1_40.dll
0x7ea10000 - 0x7eb35000 	C:\Program Files\MATLAB\R2011a\bin\win32\icuuc42.dll
0x73db0000 - 0x73dbe000 	C:\Program Files\MATLAB\R2011a\bin\win32\icuio42.dll
0x76940000 - 0x76946000 	C:\WINDOWS\system32\PSAPI.DLL
0x00e50000 - 0x00f91000 	C:\WINDOWS\SYSTEM32\dbghelp.dll
0x76ce0000 - 0x76d5c000 	C:\WINDOWS\system32\ADVAPI32.dll
0x767e0000 - 0x76935000 	C:\WINDOWS\system32\USER32.dll
0x10000000 - 0x10009000 	C:\Program Files\MATLAB\R2011a\bin\win32\libmwresource_core.dll
0x01030000 - 0x010a7000 	C:\Program Files\MATLAB\R2011a\bin\win32\libmwMATLAB_res.dll
0x736b0000 - 0x736c3000 	C:\Program Files\MATLAB\R2011a\bin\win32\boost_filesystem-vc90-mt-1_40.dll
0x73c80000 - 0x73c8f000 	C:\Program Files\MATLAB\R2011a\bin\win32\boost_signals-vc90-mt-1_40.dll
0x76950000 - 0x76964000 	C:\WINDOWS\system32\imagehlp.dll
0x7db50000 - 0x7dbb9000 	C:\Program Files\MATLAB\R2011a\bin\win32\libmx.dll
0x7e800000 - 0x7e8ee000 	C:\Program Files\MATLAB\R2011a\bin\win32\libmwmathutil.dll
0x00fa0000 - 0x00fdb000 	C:\Program Files\MATLAB\R2011a\bin\win32\mpath.dll
0x72990000 - 0x72b75000 	C:\Program Files\MATLAB\R2011a\bin\win32\mlutil.dll
0x010b0000 - 0x01139000 	C:\WINDOWS\WinSxS\x86_microsoft.windows.common-controls_6595b64144ccf1df_5.82.9600.17810_none_7c5b6194aa0716f1\COMCTL32.dll
0x76b30000 - 0x76bcb000 	C:\WINDOWS\system32\COMDLG32.dll
0x71af0000 - 0x71b03000 	C:\WINDOWS\SYSTEM32\NETAPI32.dll
0x76970000 - 0x769bf000 	C:\WINDOWS\system32\WS2_32.dll
0x01140000 - 0x01173000 	C:\Program Files\MATLAB\R2011a\bin\win32\tbb.dll
0x01180000 - 0x0243b000 	C:\WINDOWS\system32\SHELL32.dll
0x77180000 - 0x772a9000 	C:\WINDOWS\system32\ole32.dll
0x75350000 - 0x753e7000 	C:\WINDOWS\system32\OLEAUT32.dll
0x7d4b0000 - 0x7d547000 	C:\Program Files\MATLAB\R2011a\bin\win32\iqm.dll
0x7e1c0000 - 0x7e1e3000 	C:\Program Files\MATLAB\R2011a\bin\win32\libmwbridge.dll
0x724b0000 - 0x724bd000 	C:\Program Files\MATLAB\R2011a\bin\win32\libmex.dll
0x02440000 - 0x024b1000 	C:\Program Files\MATLAB\R2011a\bin\win32\m_dispatcher.dll
0x024c0000 - 0x02637000 	C:\Program Files\MATLAB\R2011a\bin\win32\mcos.dll
0x02640000 - 0x02741000 	C:\Program Files\MATLAB\R2011a\bin\win32\libmwgui.dll
0x02750000 - 0x02ccc000 	C:\Program Files\MATLAB\R2011a\bin\win32\hg.dll
0x02cd0000 - 0x02d4a000 	C:\Program Files\MATLAB\R2011a\bin\win32\hgutils.dll
0x02d50000 - 0x0321a000 	C:\Program Files\MATLAB\R2011a\bin\win32\m_interpreter.dll
0x03220000 - 0x0327a000 	C:\Program Files\MATLAB\R2011a\bin\win32\jmi.dll
0x03280000 - 0x032fa000 	C:\Program Files\MATLAB\R2011a\bin\win32\udd_mi.dll
0x74dc0000 - 0x75053000 	C:\Program Files\MATLAB\R2011a\bin\win32\uiw.dll
0x00fe0000 - 0x00ff3000 	C:\Program Files\MATLAB\R2011a\bin\win32\mwoles05.DLL
0x03300000 - 0x0334b000 	C:\Program Files\MATLAB\R2011a\bin\win32\comcli.dll
0x03350000 - 0x03359000 	C:\Program Files\MATLAB\R2011a\bin\win32\mlautoregister.dll
0x03360000 - 0x0336a000 	C:\Program Files\MATLAB\R2011a\bin\win32\boost_iostreams-vc90-mt-1_40.dll
0x76bd0000 - 0x76ce0000 	C:\WINDOWS\system32\GDI32.dll
0x73550000 - 0x7356f000 	C:\Program Files\MATLAB\R2011a\bin\win32\LIBEXPAT.dll
0x72eb0000 - 0x73009000 	C:\Program Files\MATLAB\R2011a\bin\win32\icuin42.dll
0x033c0000 - 0x04307000 	C:\Program Files\MATLAB\R2011a\bin\win32\icudt42.dll
0x76710000 - 0x767d3000 	C:\WINDOWS\system32\msvcrt.dll
0x770d0000 - 0x77111000 	C:\WINDOWS\SYSTEM32\sechost.dll
0x75280000 - 0x75350000 	C:\WINDOWS\system32\RPCRT4.dll
0x73730000 - 0x73743000 	C:\Program Files\MATLAB\R2011a\bin\win32\zlib1.dll
0x043a0000 - 0x043fd000 	C:\Program Files\MATLAB\R2011a\bin\win32\xmlcore.dll
0x71cf0000 - 0x71ea2000 	C:\Program Files\MATLAB\R2011a\bin\win32\xerces-c_2_7.dll
0x77120000 - 0x77165000 	C:\WINDOWS\system32\SHLWAPI.dll
0x742e0000 - 0x742ea000 	C:\WINDOWS\SYSTEM32\netutils.dll
0x74aa0000 - 0x74abd000 	C:\WINDOWS\SYSTEM32\srvcli.dll
0x71b40000 - 0x71b51000 	C:\WINDOWS\SYSTEM32\wkscli.dll
0x775c0000 - 0x775c7000 	C:\WINDOWS\system32\NSI.dll
0x77440000 - 0x775bd000 	C:\WINDOWS\SYSTEM32\combase.dll
0x04430000 - 0x044b8000 	C:\Program Files\MATLAB\R2011a\bin\win32\udd.dll
0x7f130000 - 0x7f1cc000 	C:\Program Files\MATLAB\R2011a\bin\win32\boost_regex-vc90-mt-1_40.dll
0x04500000 - 0x04512000 	C:\Program Files\MATLAB\R2011a\bin\win32\graphics_util.dll
0x7e040000 - 0x7e078000 	C:\Program Files\MATLAB\R2011a\bin\win32\libmat.dll
0x04530000 - 0x0455d000 	C:\Program Files\MATLAB\R2011a\bin\win32\libmwhardcopy.dll
0x04560000 - 0x0459e000 	C:\Program Files\MATLAB\R2011a\bin\win32\libuij.dll
0x045a0000 - 0x046dd000 	C:\Program Files\MATLAB\R2011a\bin\win32\hgdatatypes.dll
0x046e0000 - 0x04715000 	C:\Program Files\MATLAB\R2011a\bin\win32\libmwlapack.dll
0x04720000 - 0x04abd000 	C:\WINDOWS\WinSxS\x86_microsoft.vc90.mfc_1fc8b3b9a1e18e3b_9.0.30729.6161_none_4bf7e3e2bf9ada4c\mfc90.dll
0x04ac0000 - 0x04b25000 	C:\WINDOWS\SYSTEM32\WINSPOOL.DRV
0x04b50000 - 0x04ba8000 	C:\Program Files\MATLAB\R2011a\bin\win32\profiler.dll
0x734f0000 - 0x73513000 	C:\Program Files\MATLAB\R2011a\bin\win32\libmwmathrng.dll
0x04bb0000 - 0x04bc4000 	C:\Program Files\MATLAB\R2011a\bin\win32\m_pcodeio.dll
0x7e080000 - 0x7e0c5000 	C:\Program Files\MATLAB\R2011a\bin\win32\m_ir.dll
0x04bd0000 - 0x050f8000 	C:\Program Files\MATLAB\R2011a\bin\win32\m_parser.dll
0x05100000 - 0x05120000 	C:\Program Files\MATLAB\R2011a\bin\win32\m_pcodegen.dll
0x05120000 - 0x05165000 	C:\Program Files\MATLAB\R2011a\bin\win32\libmwspmatrix.dll
0x05180000 - 0x0518b000 	C:\Program Files\MATLAB\R2011a\bin\win32\nativejava_services.dll
0x051b0000 - 0x051b9000 	C:\Program Files\MATLAB\R2011a\bin\win32\uinone.dll
0x051d0000 - 0x051fb000 	C:\WINDOWS\WinSxS\x86_microsoft.vc90.atl_1fc8b3b9a1e18e3b_9.0.30729.6161_none_51cd0a7abbe4e19b\ATL90.DLL
0x750a0000 - 0x750c3000 	C:\WINDOWS\system32\SspiCli.dll
0x75d10000 - 0x75ed7000 	C:\Program Files\MATLAB\R2011a\bin\win32\libhdf5.dll
0x052f0000 - 0x052fe000 	C:\Program Files\MATLAB\R2011a\bin\win32\libmwbinder.dll
0x05300000 - 0x05309000 	C:\Program Files\MATLAB\R2011a\bin\win32\libmwompwrapper.dll
0x70ff0000 - 0x70ff6000 	C:\WINDOWS\SYSTEM32\MSIMG32.dll
0x05360000 - 0x05372000 	C:\Program Files\MATLAB\R2011a\bin\win32\ir_xfmr.dll
0x05380000 - 0x0538a000 	C:\Program Files\MATLAB\R2011a\bin\win32\mtok.dll
0x751f0000 - 0x7527b000 	C:\WINDOWS\system32\SHCORE.DLL
0x77410000 - 0x77436000 	C:\WINDOWS\system32\IMM32.DLL
0x76d60000 - 0x76e72000 	C:\WINDOWS\system32\MSCTF.dll
0x73e60000 - 0x73f4e000 	C:\WINDOWS\system32\UxTheme.dll
0x05640000 - 0x0565a000 	C:\WINDOWS\system32\dwmapi.dll
0x05670000 - 0x0567f000 	C:\WINDOWS\WinSxS\x86_microsoft.vc90.mfcloc_1fc8b3b9a1e18e3b_9.0.30729.6161_none_49768ef57548175e\MFC90ESN.DLL
0x06840000 - 0x0685d000 	C:\Program Files\MATLAB\R2011a\bin\win32\tbbmalloc.dll
0x068a0000 - 0x068af000 	C:\WINDOWS\SYSTEM32\profapi.dll
0x71870000 - 0x71890000 	C:\WINDOWS\SYSTEM32\iphlpapi.dll
0x71860000 - 0x71868000 	C:\WINDOWS\SYSTEM32\WINNSI.DLL
0x745f0000 - 0x7466e000 	C:\WINDOWS\SYSTEM32\DNSAPI.dll
0x70d20000 - 0x70d33000 	C:\WINDOWS\SYSTEM32\dhcpcsvc6.DLL
0x70d00000 - 0x70d14000 	C:\WINDOWS\SYSTEM32\dhcpcsvc.DLL
0x068c0000 - 0x068c3000 	C:\WINDOWS\SYSTEM32\icmp.Dll
0x73fa0000 - 0x73fa9000 	C:\WINDOWS\SYSTEM32\kernel.appcore.dll
0x74cd0000 - 0x74cda000 	C:\WINDOWS\SYSTEM32\CRYPTBASE.dll
0x74c70000 - 0x74cc4000 	C:\WINDOWS\SYSTEM32\bcryptPrimitives.dll
0x751b0000 - 0x751ec000 	C:\WINDOWS\system32\cfgmgr32.dll
0x0aee0000 - 0x0b16b000 	C:\Program Files\MATLAB\R2011a\sys\java\jre\win32\jre\bin\client\jvm.dll
0x0b170000 - 0x0b193000 	C:\WINDOWS\SYSTEM32\WINMM.dll
0x7d910000 - 0x7d966000 	C:\Program Files\MATLAB\R2011a\bin\win32\MSVCR71.dll
0x0b1c0000 - 0x0b1e3000 	C:\WINDOWS\SYSTEM32\WINMMBASE.dll
0x0b1f0000 - 0x0b211000 	C:\WINDOWS\SYSTEM32\DEVOBJ.dll
0x0b280000 - 0x0b320000 	C:\WINDOWS\system32\apphelp.dll
0x73da0000 - 0x73dac000 	C:\Program Files\MATLAB\R2011a\sys\java\jre\win32\jre\bin\verify.dll
0x73570000 - 0x7358f000 	C:\Program Files\MATLAB\R2011a\sys\java\jre\win32\jre\bin\java.dll
0x0b3f0000 - 0x0b3f8000 	C:\Program Files\MATLAB\R2011a\sys\java\jre\win32\jre\bin\hpi.dll
0x73ce0000 - 0x73cef000 	C:\Program Files\MATLAB\R2011a\sys\java\jre\win32\jre\bin\zip.dll
0x7daf0000 - 0x7db44000 	C:\Program Files\MATLAB\R2011a\sys\java\jre\win32\jre\bin\fontmanager.dll
0x1c010000 - 0x1c15a000 	C:\Program Files\MATLAB\R2011a\sys\java\jre\win32\jre\bin\awt.dll
0x1c510000 - 0x1c776000 	C:\WINDOWS\AppPatch\AcGenral.DLL

VM Arguments:
jvm_args: -Xss512k -XX:PermSize=32m -Xms64m -XX:NewRatio=3 -XX:MaxPermSize=64m -Xmx128m -XX:MaxDirectMemorySize=1200000000 -Dsun.java2d.noddraw=true -Dsun.awt.nopixfmt=true -Xshare:off -Xrs -Dsun.awt.disableMixing=true -Djava.library.path=C:\Program Files\MATLAB\R2011a\bin\win32 vfprintf abort 
java_command: <unknown>
Launcher Type: generic

Environment Variables:
PATH=C:\WINDOWS\system32;C:\WINDOWS;C:\WINDOWS\System32\Wbem;C:\WINDOWS\System32\WindowsPowerShell\v1.0\;c:\Program Files\Microsoft SQL Server\100\Tools\Binn\;c:\Program Files\Microsoft SQL Server\100\DTS\Binn\;C:\Program Files\MATLAB\MATLAB Compiler Runtime\v715\runtime\win32;C:\Program Files\MATLAB\R2011a\runtime\win32;C:\Program Files\MATLAB\R2011a\bin
USERNAME=InterplayPC
OS=Windows_NT
PROCESSOR_IDENTIFIER=x86 Family 6 Model 23 Stepping 10, GenuineIntel



---------------  S Y S T E M  ---------------

OS: Windows NT 6.2 Build 9200 

CPU:total 2 (2 cores per cpu, 1 threads per core) family 6 model 23 stepping 10, cmov, cx8, fxsr, mmx, sse, sse2, sse3, ssse3

Memory: 4k page, physical 2087220k(272508k free), swap 3070260k(592324k free)

vm_info: Java HotSpot(TM) Client VM (14.3-b01) for windows-x86 JRE (1.6.0_17-b04), built on Oct 11 2009 00:52:06 by "java_re" with MS VC++ 7.1

time: Wed Feb 21 01:51:06 2018
elapsed time: 308 seconds

