#
# A fatal error has been detected by the Java Runtime Environment:
#
#  EXCEPTION_ACCESS_VIOLATION (0xc0000005) at pc=0x626765f5, pid=4732, tid=4852
#
# JRE version: 6.0_17-b04
# Java VM: Java HotSpot(TM) Client VM (14.3-b01 mixed mode windows-x86 )
# Problematic frame:
# C  0x626765f5
#
# If you would like to submit a bug report, please visit:
#   http://java.sun.com/webapps/bugreport/crash.jsp
# The crash happened outside the Java Virtual Machine in native code.
# See problematic frame for where to report the bug.
#

---------------  T H R E A D  ---------------

Current thread (0x0c86b400):  JavaThread "main" [_thread_in_native, id=4852, stack(0x00c00000,0x01400000)]

siginfo: ExceptionCode=0xc0000005, writing address 0x00000000

Registers:
EAX=0x626765f3, EBX=0x013f582c, ECX=0x00000000, EDX=0x00000000
ESP=0x013f5558, EBP=0x013f5c74, ESI=0x62a3b9f8, EDI=0x013f5c68
EIP=0x626765f5, EFLAGS=0x00010246

Top of Stack: (sp=0x013f5558)
0x013f5558:   72d7d637 013f5c68 62a3b9f8 013f5574
0x013f5568:   013f5c68 013f582c 013f5c74 013f55a0
0x013f5578:   72d7e892 626765f3 013f5c68 00000100
0x013f5588:   013f560c 72d7ea80 39302557 62a3b9d4
0x013f5598:   013f5c68 00000001 013f561c 72d73708
0x013f55a8:   013f5c68 62a3b9d4 626765f3 00000000
0x013f55b8:   00000100 393026c3 013f5c68 62a3b9f8
0x013f55c8:   013f582c 013f5c0c 00000000 00000001 

Instructions: (pc=0x626765f5)
0x626765e5:   c3 8b 0e 89 0f 8b 01 ff 10 e9 c1 fc e9 ff 33 c9
0x626765f5:   c7 05 00 00 00 00 01 00 00 00 cd 29 33 c0 83 f9 


Stack: [0x00c00000,0x01400000],  sp=0x013f5558,  free space=8149k
Native frames: (J=compiled Java code, j=interpreted, Vv=VM code, C=native code)
C  0x626765f5
C  0x62515910
C  0x625154aa
C  0x61f79935
C  0x611bd25f
C  0x611bd233
C  0x611bd17b
C  0x5b212071
C  0x5b211fa1
C  0x08ed402e
C  0x08ed3689
C  0x665f9782
C  0x665fbc24
C  0x665f3141
C  0x6d374df2
j  sun.jdbc.odbc.JdbcOdbc.driverConnect(J[B[B)V+0
j  sun.jdbc.odbc.JdbcOdbc.SQLDriverConnect(JLjava/lang/String;)V+93
j  sun.jdbc.odbc.JdbcOdbcConnection.initialize(Ljava/lang/String;Ljava/util/Properties;I)V+984
j  sun.jdbc.odbc.JdbcOdbcDriver.connect(Ljava/lang/String;Ljava/util/Properties;)Ljava/sql/Connection;+129
j  java.sql.DriverManager.getConnection(Ljava/lang/String;Ljava/util/Properties;Ljava/lang/ClassLoader;)Ljava/sql/Connection;+210
j  java.sql.DriverManager.getConnection(Ljava/lang/String;Ljava/util/Properties;)Ljava/sql/Connection;+7
j  com.mathworks.toolbox.database.databaseConnect.makeDatabaseConnection()Ljava/util/Vector;+231
v  ~StubRoutines::call_stub
V  [jvm.dll+0xecf9c]
V  [jvm.dll+0x1741d1]
V  [jvm.dll+0xed01d]
V  [jvm.dll+0xf5e2f]
V  [jvm.dll+0xf79b7]
C  [jmi.dll+0x139de]
C  [jmi.dll+0x1e2dc]
C  [jmi.dll+0x1e6d9]
C  [jmi.dll+0x2b10e]
C  [jmi.dll+0x2b208]
C  [mcos.dll+0x4e126]
C  [m_dispatcher.dll+0x11c35]
C  [m_dispatcher.dll+0x118cf]
C  [m_interpreter.dll+0x713e6]
C  [m_interpreter.dll+0x6e200]
C  [m_interpreter.dll+0x7f677]
C  [m_interpreter.dll+0x7f792]
C  [m_interpreter.dll+0x76580]
C  [m_interpreter.dll+0x74307]
C  [m_interpreter.dll+0x7ac79]
C  [m_dispatcher.dll+0x114b8]
C  [m_dispatcher.dll+0x118cf]
C  [m_interpreter.dll+0x713e6]
C  [m_interpreter.dll+0x6e200]
C  [m_interpreter.dll+0x7f677]
C  [m_interpreter.dll+0x7f792]
C  [m_interpreter.dll+0x76580]
C  [m_interpreter.dll+0x74307]
C  [m_interpreter.dll+0x7ac79]
C  [m_dispatcher.dll+0x114b8]
C  [m_dispatcher.dll+0x118cf]
C  [m_dispatcher.dll+0x150b4]
C  [m_dispatcher.dll+0x120d1]
C  [libmx.dll+0x2c204]
C  [m_interpreter.dll+0xb905c]
C  [m_dispatcher.dll+0x11db5]
C  [m_dispatcher.dll+0x11d3b]
C  [m_dispatcher.dll+0x117aa]
C  [m_interpreter.dll+0x713e6]
C  [m_interpreter.dll+0x6e200]
C  [m_interpreter.dll+0x7f677]
C  [m_interpreter.dll+0x7f792]
C  [m_interpreter.dll+0x76580]
C  [m_interpreter.dll+0x74307]
C  [m_interpreter.dll+0x7ac79]
C  [m_dispatcher.dll+0x114b8]
C  [m_dispatcher.dll+0x118cf]
C  [m_interpreter.dll+0x713e6]
C  [m_interpreter.dll+0x6e200]
C  [m_interpreter.dll+0x7f677]
C  [m_interpreter.dll+0x7f792]
C  [m_interpreter.dll+0x76580]
C  [m_interpreter.dll+0x74307]
C  [m_interpreter.dll+0x7ac79]
C  [m_dispatcher.dll+0x114b8]
C  [m_dispatcher.dll+0x118cf]
C  [m_interpreter.dll+0x713e6]
C  [m_interpreter.dll+0x6e200]
C  [m_interpreter.dll+0x7f677]
C  [m_interpreter.dll+0x7f792]
C  [m_interpreter.dll+0x76580]
C  [m_interpreter.dll+0x74307]
C  [m_interpreter.dll+0x7abe7]
C  [m_dispatcher.dll+0x1288a]
C  [m_dispatcher.dll+0x12bce]
C  [m_dispatcher.dll+0x120d1]
C  [libmx.dll+0x2c204]
C  [m_interpreter.dll+0xb905c]
C  [libmwgui.dll+0x38ed2]
C  [libmwgui.dll+0x396a8]
C  [libmwgui.dll+0x39773]
C  [hg.dll+0x3b69f]
C  [hg.dll+0x3c48a]
C  [hg.dll+0x10f34b]
C  [hg.dll+0x10ff84]
C  [hg.dll+0xc0f84]
C  [hg.dll+0xb7dff]
...<more frames>...

Java frames: (J=compiled Java code, j=interpreted, Vv=VM code)
j  sun.jdbc.odbc.JdbcOdbc.driverConnect(J[B[B)V+0
j  sun.jdbc.odbc.JdbcOdbc.SQLDriverConnect(JLjava/lang/String;)V+93
j  sun.jdbc.odbc.JdbcOdbcConnection.initialize(Ljava/lang/String;Ljava/util/Properties;I)V+984
j  sun.jdbc.odbc.JdbcOdbcDriver.connect(Ljava/lang/String;Ljava/util/Properties;)Ljava/sql/Connection;+129
j  java.sql.DriverManager.getConnection(Ljava/lang/String;Ljava/util/Properties;Ljava/lang/ClassLoader;)Ljava/sql/Connection;+210
j  java.sql.DriverManager.getConnection(Ljava/lang/String;Ljava/util/Properties;)Ljava/sql/Connection;+7
j  com.mathworks.toolbox.database.databaseConnect.makeDatabaseConnection()Ljava/util/Vector;+231
v  ~StubRoutines::call_stub

---------------  P R O C E S S  ---------------

Java Threads: ( => current thread )
  0x1d184c00 JavaThread "Code Analyzer updating thread" [_thread_blocked, id=4200, stack(0x08720000,0x087a0000)]
  0x1d18a000 JavaThread "Inactive RequestProcessor thread [Was:TimedSoftReference/org.openide.util.TimedSoftReference]" daemon [_thread_blocked, id=5684, stack(0x26940000,0x269c0000)]
  0x1d189400 JavaThread "Foxtrot Multi Worker Thread Runner #1" daemon [_thread_blocked, id=2392, stack(0x24c00000,0x24c80000)]
  0x1d18a400 JavaThread "RequestQueue for GenericFileList" [_thread_blocked, id=912, stack(0x24a80000,0x24b00000)]
  0x1d187400 JavaThread "Code Analyzer updating thread" [_thread_blocked, id=760, stack(0x24880000,0x24900000)]
  0x1d186400 JavaThread "Code Analyzer updating thread" [_thread_blocked, id=3836, stack(0x24800000,0x24880000)]
  0x1d184400 JavaThread "Active Reference Queue Daemon" daemon [_thread_blocked, id=6112, stack(0x24780000,0x24800000)]
  0x1d183800 JavaThread "Timer-7" daemon [_thread_blocked, id=5152, stack(0x24700000,0x24780000)]
  0x1d189800 JavaThread "Timer-6" daemon [_thread_blocked, id=992, stack(0x245f0000,0x24670000)]
  0x1d18ac00 JavaThread "Prefs Updater" daemon [_thread_blocked, id=3524, stack(0x224d0000,0x22550000)]
  0x1d185c00 JavaThread "Timer-1" [_thread_blocked, id=2688, stack(0x21370000,0x213f0000)]
  0x1d187c00 JavaThread "FelixPackageAdmin" daemon [_thread_blocked, id=5340, stack(0x1e670000,0x1e6f0000)]
  0x1d188c00 JavaThread "FelixStartLevel" daemon [_thread_blocked, id=3176, stack(0x1e5f0000,0x1e670000)]
  0x1d184000 JavaThread "FelixDispatchQueue" daemon [_thread_blocked, id=432, stack(0x1e570000,0x1e5f0000)]
  0x1d183400 JavaThread "TimerQueue" daemon [_thread_blocked, id=2804, stack(0x1e3f0000,0x1e470000)]
  0x1d186800 JavaThread "AWT-EventQueue-0" [_thread_blocked, id=3404, stack(0x1d9e0000,0x1da60000)]
  0x0c785400 JavaThread "com.google.common.base.internal.Finalizer" daemon [_thread_blocked, id=572, stack(0x1d910000,0x1d990000)]
  0x0c784800 JavaThread "AWT-Windows" daemon [_thread_in_native, id=4360, stack(0x1d810000,0x1d890000)]
  0x0c784400 JavaThread "AWT-Shutdown" [_thread_blocked, id=1532, stack(0x1d790000,0x1d810000)]
  0x0c783c00 JavaThread "Java2D Disposer" daemon [_thread_blocked, id=2756, stack(0x1d710000,0x1d790000)]
  0x0c785c00 JavaThread "Timer-0" [_thread_blocked, id=1748, stack(0x0ff20000,0x0ffa0000)]
  0x0c782c00 JavaThread "JMI Unnamed Thread" [_thread_in_native, id=332, stack(0x06d20000,0x07520000)]
  0x0c782400 JavaThread "Low Memory Detector" daemon [_thread_blocked, id=4416, stack(0x0fae0000,0x0fb60000)]
  0x0c78b800 JavaThread "CompilerThread0" daemon [_thread_blocked, id=1752, stack(0x0f2e0000,0x0fae0000)]
  0x0c783800 JavaThread "Attach Listener" daemon [_thread_blocked, id=1796, stack(0x0f260000,0x0f2e0000)]
  0x0c764000 JavaThread "Finalizer" daemon [_thread_blocked, id=4868, stack(0x0f1e0000,0x0f260000)]
  0x0c75f400 JavaThread "Reference Handler" daemon [_thread_blocked, id=5196, stack(0x0f160000,0x0f1e0000)]
=>0x0c86b400 JavaThread "main" [_thread_in_native, id=4852, stack(0x00c00000,0x01400000)]

Other Threads:
  0x0c75c800 VMThread [stack: 0x0e960000,0x0f160000] [id=4396]
  0x0c791c00 WatcherThread [stack: 0x1c010000,0x1c810000] [id=5164]

VM state:not at safepoint (normal execution)

VM Mutex/Monitor currently owned by a thread: None

Heap
 def new generation   total 19904K, used 7322K [0x10010000, 0x115a0000, 0x12010000)
  eden space 17728K,  29% used [0x10010000, 0x10516898, 0x11160000)
  from space 2176K, 100% used [0x11380000, 0x115a0000, 0x115a0000)
  to   space 2176K,   0% used [0x11160000, 0x11160000, 0x11380000)
 tenured generation   total 66128K, used 38180K [0x12010000, 0x160a4000, 0x18010000)
   the space 66128K,  57% used [0x12010000, 0x145592b0, 0x14559400, 0x160a4000)
 compacting perm gen  total 41472K, used 41428K [0x18010000, 0x1a890000, 0x1c010000)
   the space 41472K,  99% used [0x18010000, 0x1a885100, 0x1a885200, 0x1a890000)
No shared spaces configured.

Dynamic libraries:
0x00aa0000 - 0x00ac5000 	C:\Program Files\MATLAB\R2011a\bin\win32\MATLAB.exe
0x77e80000 - 0x77fe7000 	C:\WINDOWS\SYSTEM32\ntdll.dll
0x77cd0000 - 0x77dc8000 	C:\WINDOWS\system32\KERNEL32.DLL
0x755c0000 - 0x7567d000 	C:\WINDOWS\system32\KERNELBASE.dll
0x7ef10000 - 0x7efcd000 	C:\Program Files\MATLAB\R2011a\bin\win32\libut.dll
0x7ee50000 - 0x7ef07000 	C:\Program Files\MATLAB\R2011a\bin\win32\libmwfl.dll
0x015b0000 - 0x0174b000 	C:\Program Files\MATLAB\R2011a\bin\win32\libmwservices.dll
0x7f270000 - 0x7f2f9000 	C:\Program Files\MATLAB\R2011a\bin\win32\mcr.dll
0x72f90000 - 0x7301e000 	C:\WINDOWS\WinSxS\x86_microsoft.vc90.crt_1fc8b3b9a1e18e3b_9.0.30729.6871_none_50944e7cbcb706e5\MSVCP90.dll
0x01750000 - 0x017f3000 	C:\WINDOWS\WinSxS\x86_microsoft.vc90.crt_1fc8b3b9a1e18e3b_9.0.30729.6871_none_50944e7cbcb706e5\MSVCR90.dll
0x7dce0000 - 0x7dd35000 	C:\Program Files\MATLAB\R2011a\bin\win32\libmwi18n.dll
0x73d00000 - 0x73d0e000 	C:\Program Files\MATLAB\R2011a\bin\win32\boost_date_time-vc90-mt-1_40.dll
0x73f70000 - 0x73f77000 	C:\Program Files\MATLAB\R2011a\bin\win32\boost_system-vc90-mt-1_40.dll
0x73d10000 - 0x73d1f000 	C:\Program Files\MATLAB\R2011a\bin\win32\boost_thread-vc90-mt-1_40.dll
0x7ea10000 - 0x7eb35000 	C:\Program Files\MATLAB\R2011a\bin\win32\icuuc42.dll
0x73db0000 - 0x73dbe000 	C:\Program Files\MATLAB\R2011a\bin\win32\icuio42.dll
0x76730000 - 0x76736000 	C:\WINDOWS\system32\PSAPI.DLL
0x01820000 - 0x01949000 	C:\WINDOWS\SYSTEM32\dbghelp.dll
0x77dd0000 - 0x77e7e000 	C:\WINDOWS\system32\ADVAPI32.dll
0x76600000 - 0x76721000 	C:\WINDOWS\system32\USER32.dll
0x10000000 - 0x10009000 	C:\Program Files\MATLAB\R2011a\bin\win32\libmwresource_core.dll
0x01960000 - 0x019d7000 	C:\Program Files\MATLAB\R2011a\bin\win32\libmwMATLAB_res.dll
0x736b0000 - 0x736c3000 	C:\Program Files\MATLAB\R2011a\bin\win32\boost_filesystem-vc90-mt-1_40.dll
0x73c80000 - 0x73c8f000 	C:\Program Files\MATLAB\R2011a\bin\win32\boost_signals-vc90-mt-1_40.dll
0x769b0000 - 0x769c2000 	C:\WINDOWS\system32\imagehlp.dll
0x7db50000 - 0x7dbb9000 	C:\Program Files\MATLAB\R2011a\bin\win32\libmx.dll
0x7e800000 - 0x7e8ee000 	C:\Program Files\MATLAB\R2011a\bin\win32\libmwmathutil.dll
0x73ee0000 - 0x73f1b000 	C:\Program Files\MATLAB\R2011a\bin\win32\mpath.dll
0x72990000 - 0x72b75000 	C:\Program Files\MATLAB\R2011a\bin\win32\mlutil.dll
0x75680000 - 0x75707000 	C:\WINDOWS\WinSxS\x86_microsoft.windows.common-controls_6595b64144ccf1df_5.82.9200.16384_none_bf100cd445f4d954\COMCTL32.dll
0x75e40000 - 0x75ec9000 	C:\WINDOWS\system32\COMDLG32.dll
0x742e0000 - 0x742f2000 	C:\WINDOWS\SYSTEM32\NETAPI32.dll
0x767a0000 - 0x767f0000 	C:\WINDOWS\system32\WS2_32.dll
0x019f0000 - 0x01a23000 	C:\Program Files\MATLAB\R2011a\bin\win32\tbb.dll
0x76b30000 - 0x77bf5000 	C:\WINDOWS\system32\SHELL32.dll
0x75b40000 - 0x75c59000 	C:\WINDOWS\system32\ole32.dll
0x76420000 - 0x764ab000 	C:\WINDOWS\system32\OLEAUT32.dll
0x7d4b0000 - 0x7d547000 	C:\Program Files\MATLAB\R2011a\bin\win32\iqm.dll
0x7e1c0000 - 0x7e1e3000 	C:\Program Files\MATLAB\R2011a\bin\win32\libmwbridge.dll
0x73f30000 - 0x73f3d000 	C:\Program Files\MATLAB\R2011a\bin\win32\libmex.dll
0x704a0000 - 0x70511000 	C:\Program Files\MATLAB\R2011a\bin\win32\m_dispatcher.dll
0x01a40000 - 0x01bb7000 	C:\Program Files\MATLAB\R2011a\bin\win32\mcos.dll
0x01bc0000 - 0x01cc1000 	C:\Program Files\MATLAB\R2011a\bin\win32\libmwgui.dll
0x01cd0000 - 0x0224c000 	C:\Program Files\MATLAB\R2011a\bin\win32\hg.dll
0x02250000 - 0x022ca000 	C:\Program Files\MATLAB\R2011a\bin\win32\hgutils.dll
0x022d0000 - 0x0279a000 	C:\Program Files\MATLAB\R2011a\bin\win32\m_interpreter.dll
0x027a0000 - 0x027fa000 	C:\Program Files\MATLAB\R2011a\bin\win32\jmi.dll
0x02800000 - 0x0287a000 	C:\Program Files\MATLAB\R2011a\bin\win32\udd_mi.dll
0x74dc0000 - 0x75053000 	C:\Program Files\MATLAB\R2011a\bin\win32\uiw.dll
0x73dd0000 - 0x73de3000 	C:\Program Files\MATLAB\R2011a\bin\win32\mwoles05.DLL
0x731a0000 - 0x731eb000 	C:\Program Files\MATLAB\R2011a\bin\win32\comcli.dll
0x73ed0000 - 0x73ed9000 	C:\Program Files\MATLAB\R2011a\bin\win32\mlautoregister.dll
0x02880000 - 0x0288a000 	C:\Program Files\MATLAB\R2011a\bin\win32\boost_iostreams-vc90-mt-1_40.dll
0x76220000 - 0x7632a000 	C:\WINDOWS\system32\GDI32.dll
0x73550000 - 0x7356f000 	C:\Program Files\MATLAB\R2011a\bin\win32\LIBEXPAT.dll
0x028a0000 - 0x029f9000 	C:\Program Files\MATLAB\R2011a\bin\win32\icuin42.dll
0x02a40000 - 0x03987000 	C:\Program Files\MATLAB\R2011a\bin\win32\icudt42.dll
0x75a80000 - 0x75b31000 	C:\WINDOWS\system32\msvcrt.dll
0x75e00000 - 0x75e34000 	C:\WINDOWS\SYSTEM32\sechost.dll
0x76340000 - 0x76412000 	C:\WINDOWS\system32\RPCRT4.dll
0x73730000 - 0x73743000 	C:\Program Files\MATLAB\R2011a\bin\win32\zlib1.dll
0x03a20000 - 0x03a7d000 	C:\Program Files\MATLAB\R2011a\bin\win32\xmlcore.dll
0x71cf0000 - 0x71ea2000 	C:\Program Files\MATLAB\R2011a\bin\win32\xerces-c_2_7.dll
0x77c90000 - 0x77cd0000 	C:\WINDOWS\system32\SHLWAPI.dll
0x74a40000 - 0x74a4b000 	C:\WINDOWS\SYSTEM32\netutils.dll
0x75150000 - 0x7516c000 	C:\WINDOWS\SYSTEM32\srvcli.dll
0x742b0000 - 0x742c0000 	C:\WINDOWS\SYSTEM32\wkscli.dll
0x76330000 - 0x76338000 	C:\WINDOWS\system32\NSI.dll
0x75cc0000 - 0x75df6000 	C:\WINDOWS\SYSTEM32\combase.dll
0x03ab0000 - 0x03b38000 	C:\Program Files\MATLAB\R2011a\bin\win32\udd.dll
0x7f130000 - 0x7f1cc000 	C:\Program Files\MATLAB\R2011a\bin\win32\boost_regex-vc90-mt-1_40.dll
0x718c0000 - 0x718d2000 	C:\Program Files\MATLAB\R2011a\bin\win32\graphics_util.dll
0x7e040000 - 0x7e078000 	C:\Program Files\MATLAB\R2011a\bin\win32\libmat.dll
0x715b0000 - 0x715dd000 	C:\Program Files\MATLAB\R2011a\bin\win32\libmwhardcopy.dll
0x03b90000 - 0x03bce000 	C:\Program Files\MATLAB\R2011a\bin\win32\libuij.dll
0x03bd0000 - 0x03d0d000 	C:\Program Files\MATLAB\R2011a\bin\win32\hgdatatypes.dll
0x03d10000 - 0x03d45000 	C:\Program Files\MATLAB\R2011a\bin\win32\libmwlapack.dll
0x03d50000 - 0x040ec000 	C:\WINDOWS\WinSxS\x86_microsoft.vc90.mfc_1fc8b3b9a1e18e3b_9.0.30729.4974_none_4bf89ae8bf9a48c0\mfc90.dll
0x040f0000 - 0x04150000 	C:\WINDOWS\SYSTEM32\WINSPOOL.DRV
0x04170000 - 0x041c8000 	C:\Program Files\MATLAB\R2011a\bin\win32\profiler.dll
0x734f0000 - 0x73513000 	C:\Program Files\MATLAB\R2011a\bin\win32\libmwmathrng.dll
0x71150000 - 0x71164000 	C:\Program Files\MATLAB\R2011a\bin\win32\m_pcodeio.dll
0x7e080000 - 0x7e0c5000 	C:\Program Files\MATLAB\R2011a\bin\win32\m_ir.dll
0x041d0000 - 0x046f8000 	C:\Program Files\MATLAB\R2011a\bin\win32\m_parser.dll
0x70bf0000 - 0x70c10000 	C:\Program Files\MATLAB\R2011a\bin\win32\m_pcodegen.dll
0x04700000 - 0x04745000 	C:\Program Files\MATLAB\R2011a\bin\win32\libmwspmatrix.dll
0x04760000 - 0x0476b000 	C:\Program Files\MATLAB\R2011a\bin\win32\nativejava_services.dll
0x73e40000 - 0x73e49000 	C:\Program Files\MATLAB\R2011a\bin\win32\uinone.dll
0x047a0000 - 0x047cb000 	C:\WINDOWS\WinSxS\x86_microsoft.vc90.atl_1fc8b3b9a1e18e3b_9.0.30729.4974_none_51cdc180bbe4500f\ATL90.DLL
0x04880000 - 0x04a47000 	C:\Program Files\MATLAB\R2011a\bin\win32\libhdf5.dll
0x73b70000 - 0x73b7e000 	C:\Program Files\MATLAB\R2011a\bin\win32\libmwbinder.dll
0x72f80000 - 0x72f89000 	C:\Program Files\MATLAB\R2011a\bin\win32\libmwompwrapper.dll
0x72e70000 - 0x72e76000 	C:\WINDOWS\SYSTEM32\MSIMG32.dll
0x04ae0000 - 0x04af2000 	C:\Program Files\MATLAB\R2011a\bin\win32\ir_xfmr.dll
0x04b00000 - 0x04b0a000 	C:\Program Files\MATLAB\R2011a\bin\win32\mtok.dll
0x76ab0000 - 0x76b25000 	C:\WINDOWS\system32\SHCORE.DLL
0x764b0000 - 0x764db000 	C:\WINDOWS\system32\IMM32.DLL
0x769d0000 - 0x76aac000 	C:\WINDOWS\system32\MSCTF.dll
0x746b0000 - 0x74757000 	C:\WINDOWS\SYSTEM32\UxTheme.dll
0x04d10000 - 0x04d29000 	C:\WINDOWS\SYSTEM32\dwmapi.dll
0x71ce0000 - 0x71cef000 	C:\WINDOWS\WinSxS\x86_microsoft.vc90.mfcloc_1fc8b3b9a1e18e3b_9.0.30729.4974_none_497745fb754785d2\MFC90ESN.DLL
0x05f20000 - 0x05f3d000 	C:\Program Files\MATLAB\R2011a\bin\win32\tbbmalloc.dll
0x754d0000 - 0x754e1000 	C:\WINDOWS\SYSTEM32\profapi.dll
0x72dc0000 - 0x72de2000 	C:\WINDOWS\SYSTEM32\iphlpapi.dll
0x72d90000 - 0x72d98000 	C:\WINDOWS\SYSTEM32\WINNSI.DLL
0x74ce0000 - 0x74d55000 	C:\WINDOWS\SYSTEM32\DNSAPI.dll
0x71f90000 - 0x71fa0000 	C:\WINDOWS\SYSTEM32\dhcpcsvc6.DLL
0x72230000 - 0x72242000 	C:\WINDOWS\SYSTEM32\dhcpcsvc.DLL
0x70cc0000 - 0x70cc3000 	C:\WINDOWS\SYSTEM32\icmp.Dll
0x75360000 - 0x75369000 	C:\WINDOWS\SYSTEM32\CRYPTBASE.dll
0x75300000 - 0x75351000 	C:\WINDOWS\SYSTEM32\bcryptPrimitives.dll
0x758c0000 - 0x75906000 	C:\WINDOWS\system32\cfgmgr32.dll
0x0c430000 - 0x0c6bb000 	C:\Program Files\MATLAB\R2011a\sys\java\jre\win32\jre\bin\client\jvm.dll
0x70c90000 - 0x70cb1000 	C:\WINDOWS\SYSTEM32\WINMM.dll
0x7d910000 - 0x7d966000 	C:\Program Files\MATLAB\R2011a\bin\win32\MSVCR71.dll
0x70c60000 - 0x70c8a000 	C:\WINDOWS\SYSTEM32\WINMMBASE.dll
0x70df0000 - 0x70e97000 	C:\WINDOWS\system32\apphelp.dll
0x73da0000 - 0x73dac000 	C:\Program Files\MATLAB\R2011a\sys\java\jre\win32\jre\bin\verify.dll
0x73570000 - 0x7358f000 	C:\Program Files\MATLAB\R2011a\sys\java\jre\win32\jre\bin\java.dll
0x73f40000 - 0x73f48000 	C:\Program Files\MATLAB\R2011a\sys\java\jre\win32\jre\bin\hpi.dll
0x73ce0000 - 0x73cef000 	C:\Program Files\MATLAB\R2011a\sys\java\jre\win32\jre\bin\zip.dll
0x7daf0000 - 0x7db44000 	C:\Program Files\MATLAB\R2011a\sys\java\jre\win32\jre\bin\fontmanager.dll
0x0fb60000 - 0x0fcaa000 	C:\Program Files\MATLAB\R2011a\sys\java\jre\win32\jre\bin\awt.dll
0x0fcb0000 - 0x0fef4000 	C:\WINDOWS\AppPatch\AcGenral.DLL
0x752d0000 - 0x752f3000 	C:\WINDOWS\SYSTEM32\SspiCli.dll
0x75460000 - 0x75472000 	C:\WINDOWS\SYSTEM32\samcli.dll
0x71c40000 - 0x71c54000 	C:\WINDOWS\SYSTEM32\MSACM32.dll
0x0ff00000 - 0x0ff08000 	C:\WINDOWS\SYSTEM32\VERSION.dll

VM Arguments:
jvm_args: -Xss512k -XX:PermSize=32m -Xms64m -XX:NewRatio=3 -XX:MaxPermSize=64m -Xmx128m -XX:MaxDirectMemorySize=1200000000 -Dsun.java2d.noddraw=true -Dsun.awt.nopixfmt=true -Xshare:off -Xrs -Dsun.awt.disableMixing=true -Djava.library.path=C:\Program Files\MATLAB\R2011a\bin\win32 vfprintf abort 
java_command: <unknown>
Launcher Type: generic

Environment Variables:
PATH=C:\WINDOWS\system32;C:\WINDOWS;C:\WINDOWS\System32\Wbem;C:\WINDOWS\System32\WindowsPowerShell\v1.0\;C:\Program Files\MATLAB\MATLAB Compiler Runtime\v715\runtime\win32;c:\Program Files\Microsoft SQL Server\100\Tools\Binn\;c:\Program Files\Microsoft SQL Server\100\DTS\Binn\;C:\Program Files\MATLAB\R2011a\runtime\win32;C:\Program Files\MATLAB\R2011a\bin
USERNAME=CarlosAvila
OS=Windows_NT
PROCESSOR_IDENTIFIER=x86 Family 6 Model 37 Stepping 5, GenuineIntel



---------------  S Y S T E M  ---------------

OS: Windows NT 6.2 Build 9200 

CPU:total 4 (8 cores per cpu, 2 threads per core) family 6 model 37 stepping 5, cmov, cx8, fxsr, mmx, sse, sse2, sse3, ssse3, sse4.1, sse4.2, ht

Memory: 4k page, physical 3069804k(1703196k free), swap 3594092k(2064304k free)

vm_info: Java HotSpot(TM) Client VM (14.3-b01) for windows-x86 JRE (1.6.0_17-b04), built on Oct 11 2009 00:52:06 by "java_re" with MS VC++ 7.1

time: Thu Feb 22 15:57:50 2018
elapsed time: 98 seconds

