#
# A fatal error has been detected by the Java Runtime Environment:
#
#  Internal Error (os_windows_x86.cpp:114), pid=10720, tid=6996
#  Error: guarantee(result == -1,"Unexpected result from topLevelExceptionFilter")
#
# JRE version: 6.0_17-b04
# Java VM: Java HotSpot(TM) 64-Bit Server VM (14.3-b01 mixed mode windows-amd64 )
# If you would like to submit a bug report, please visit:
#   http://java.sun.com/webapps/bugreport/crash.jsp
# The crash happened outside the Java Virtual Machine in native code.
# See problematic frame for where to report the bug.
#

---------------  T H R E A D  ---------------

Current thread (0x000000000f20b800):  JavaThread "main" [_thread_in_native, id=6996, stack(0x00000000001e0000,0x00000000016e0000)]

Stack: [0x00000000001e0000,0x00000000016e0000]
[error occurred during error reporting (printing stack bounds), id 0xc0000005]

Java frames: (J=compiled Java code, j=interpreted, Vv=VM code)
j  sun.jdbc.odbc.JdbcOdbc.execDirect(J[B[B)V+0
j  sun.jdbc.odbc.JdbcOdbc.SQLExecDirect(JLjava/lang/String;)V+93
j  sun.jdbc.odbc.JdbcOdbcStatement.execute(Ljava/lang/String;)Z+75
j  sun.jdbc.odbc.JdbcOdbcStatement.executeUpdate(Ljava/lang/String;)I+51
j  com.mathworks.toolbox.database.sqlExec.executeTheSqlStatement(Ljava/sql/Statement;)I+5
v  ~StubRoutines::call_stub

---------------  P R O C E S S  ---------------

Java Threads: ( => current thread )
  0x00000000349e8800 JavaThread "Foxtrot Multi Worker Thread Runner #1" daemon [_thread_blocked, id=12848, stack(0x0000000008790000,0x0000000008810000)]
  0x00000000349e4800 JavaThread "pool-2-thread-1" [_thread_blocked, id=12352, stack(0x0000000004180000,0x0000000004200000)]
  0x00000000349ea800 JavaThread "Code Analyzer updating thread" [_thread_blocked, id=7260, stack(0x000000003f0f0000,0x000000003f170000)]
  0x00000000349ea000 JavaThread "Code Analyzer updating thread" [_thread_blocked, id=10536, stack(0x00000000402a0000,0x0000000040320000)]
  0x00000000349e6000 JavaThread "Code Analyzer updating thread" [_thread_blocked, id=4728, stack(0x000000003ef70000,0x000000003eff0000)]
  0x00000000349e9000 JavaThread "Active Reference Queue Daemon" daemon [_thread_blocked, id=5080, stack(0x000000003f070000,0x000000003f0f0000)]
  0x00000000349e5800 JavaThread "Timer-9" daemon [_thread_blocked, id=11400, stack(0x000000003eff0000,0x000000003f070000)]
  0x00000000349e7800 JavaThread "RequestQueue for GenericFileList" [_thread_blocked, id=7580, stack(0x000000003df20000,0x000000003dfa0000)]
  0x00000000349e1000 JavaThread "Timer-7" daemon [_thread_blocked, id=9892, stack(0x000000003dda0000,0x000000003de20000)]
  0x00000000349e2000 JavaThread "Prefs Updater" daemon [_thread_blocked, id=7392, stack(0x000000003dc20000,0x000000003dca0000)]
  0x00000000349e3000 JavaThread "Timer-1" [_thread_blocked, id=7060, stack(0x0000000038d50000,0x0000000038dd0000)]
  0x00000000349df800 JavaThread "FelixPackageAdmin" daemon [_thread_blocked, id=8972, stack(0x0000000038c70000,0x0000000038cf0000)]
  0x00000000349e2800 JavaThread "FelixStartLevel" daemon [_thread_blocked, id=6652, stack(0x0000000038bb0000,0x0000000038c30000)]
  0x000000000fa81800 JavaThread "FelixDispatchQueue" daemon [_thread_blocked, id=8196, stack(0x0000000038b30000,0x0000000038bb0000)]
  0x000000000fa80800 JavaThread "TimerQueue" daemon [_thread_blocked, id=11368, stack(0x00000000371b0000,0x0000000037230000)]
  0x000000000fa7d000 JavaThread "AWT-EventQueue-0" [_thread_blocked, id=6360, stack(0x00000000355f0000,0x0000000035670000)]
  0x000000000fa80000 JavaThread "com.google.common.base.internal.Finalizer" daemon [_thread_blocked, id=10568, stack(0x00000000345a0000,0x0000000034620000)]
  0x000000000fa7f000 JavaThread "AWT-Windows" daemon [_thread_in_native, id=9404, stack(0x000000000fed0000,0x000000000ff50000)]
  0x000000000fa7e800 JavaThread "AWT-Shutdown" [_thread_blocked, id=9800, stack(0x000000000fe50000,0x000000000fed0000)]
  0x000000000fa7b800 JavaThread "Java2D Disposer" daemon [_thread_blocked, id=11780, stack(0x000000000fdd0000,0x000000000fe50000)]
  0x000000000fa7d800 JavaThread "Timer-0" [_thread_blocked, id=8544, stack(0x000000000fd40000,0x000000000fdc0000)]
  0x000000000fa7b000 JavaThread "JMI Unnamed Thread" [_thread_in_native, id=3596, stack(0x0000000005cc0000,0x00000000071c0000)]
  0x000000000f5df000 JavaThread "Low Memory Detector" daemon [_thread_blocked, id=10012, stack(0x000000000f8b0000,0x000000000f930000)]
  0x000000000f5dc000 JavaThread "CompilerThread1" daemon [_thread_blocked, id=4184, stack(0x0000000030fc0000,0x00000000324c0000)]
  0x000000000f5d8000 JavaThread "CompilerThread0" daemon [_thread_blocked, id=7140, stack(0x000000002fac0000,0x0000000030fc0000)]
  0x000000000f5d7000 JavaThread "Attach Listener" daemon [_thread_blocked, id=8412, stack(0x000000000f830000,0x000000000f8b0000)]
  0x000000000f2e7000 JavaThread "Finalizer" daemon [_thread_blocked, id=5932, stack(0x000000000f7b0000,0x000000000f830000)]
  0x000000000f2e0000 JavaThread "Reference Handler" daemon [_thread_blocked, id=2164, stack(0x000000000f730000,0x000000000f7b0000)]
=>0x000000000f20b800 JavaThread "main" [_thread_in_native, id=6996, stack(0x00000000001e0000,0x00000000016e0000)]

Other Threads:
  0x000000000f5d2000 VMThread [stack: 0x000000002e5c0000,0x000000002fac0000] [id=3304]
  0x000000000f5f8000 WatcherThread [stack: 0x00000000324c0000,0x00000000339c0000] [id=1816]

VM state:not at safepoint (normal execution)

VM Mutex/Monitor currently owned by a thread: None

Heap
 PSYoungGen      total 34816K, used 9379K [0x00000000260c0000, 0x0000000028f60000, 0x00000000291c0000)
  eden space 23296K, 21% used [0x00000000260c0000,0x000000002658cb10,0x0000000027780000)
  from space 11520K, 38% used [0x0000000028420000,0x000000002887c260,0x0000000028f60000)
  to   space 12224K, 0% used [0x0000000027780000,0x0000000027780000,0x0000000028370000)
 PSOldGen        total 136000K, used 71503K [0x000000001cdc0000, 0x0000000025290000, 0x00000000260c0000)
  object space 136000K, 52% used [0x000000001cdc0000,0x0000000021393df8,0x0000000025290000)
 PSPermGen       total 74560K, used 73280K [0x0000000014dc0000, 0x0000000019690000, 0x000000001cdc0000)
  object space 74560K, 98% used [0x0000000014dc0000,0x00000000195502f0,0x0000000019690000)

Dynamic libraries:
0x00007ff7fcb40000 - 0x00007ff7fcb69000 	C:\Program Files\MATLAB\R2011a\bin\win64\MATLAB.exe
0x00007ffc1c570000 - 0x00007ffc1c71c000 	C:\WINDOWS\SYSTEM32\ntdll.dll
0x00007ffc19f40000 - 0x00007ffc1a07e000 	C:\WINDOWS\system32\KERNEL32.DLL
0x00007ffc197f0000 - 0x00007ffc19905000 	C:\WINDOWS\system32\KERNELBASE.dll
0x0000000074460000 - 0x0000000074569000 	C:\Program Files\MATLAB\R2011a\bin\win64\libut.dll
0x0000000073f70000 - 0x000000007407d000 	C:\Program Files\MATLAB\R2011a\bin\win64\libmwfl.dll
0x000000007bed0000 - 0x000000007c0f5000 	C:\Program Files\MATLAB\R2011a\bin\win64\libmwservices.dll
0x0000000074970000 - 0x0000000074a34000 	C:\Program Files\MATLAB\R2011a\bin\win64\mcr.dll
0x000000005b8b0000 - 0x000000005b983000 	C:\WINDOWS\WinSxS\amd64_microsoft.vc90.crt_1fc8b3b9a1e18e3b_9.0.30729.8387_none_08e793bfa83a89b5\MSVCP90.dll
0x000000005b800000 - 0x000000005b8a3000 	C:\WINDOWS\WinSxS\amd64_microsoft.vc90.crt_1fc8b3b9a1e18e3b_9.0.30729.8387_none_08e793bfa83a89b5\MSVCR90.dll
0x00000000758a0000 - 0x0000000075920000 	C:\Program Files\MATLAB\R2011a\bin\win64\libmwi18n.dll
0x000000007a3b0000 - 0x000000007a3c0000 	C:\Program Files\MATLAB\R2011a\bin\win64\boost_date_time-vc90-mt-1_40.dll
0x000000007a560000 - 0x000000007a569000 	C:\Program Files\MATLAB\R2011a\bin\win64\boost_system-vc90-mt-1_40.dll
0x000000007a2d0000 - 0x000000007a2e2000 	C:\Program Files\MATLAB\R2011a\bin\win64\boost_thread-vc90-mt-1_40.dll
0x00000000740b0000 - 0x0000000074223000 	C:\Program Files\MATLAB\R2011a\bin\win64\icuuc42.dll
0x000000007a3d0000 - 0x000000007a3e3000 	C:\Program Files\MATLAB\R2011a\bin\win64\icuio42.dll
0x0000000180000000 - 0x0000000180046000 	C:\Program Files\MATLAB\R2011a\bin\win64\tbb.dll
0x00007ffc1a3e0000 - 0x00007ffc1a3e7000 	C:\WINDOWS\system32\PSAPI.DLL
0x00007ffc16cc0000 - 0x00007ffc16e49000 	C:\WINDOWS\SYSTEM32\dbghelp.dll
0x00007ffc19e20000 - 0x00007ffc19eca000 	C:\WINDOWS\system32\ADVAPI32.dll
0x00007ffc1a150000 - 0x00007ffc1a2c7000 	C:\WINDOWS\system32\USER32.dll
0x00000000017c0000 - 0x00000000017cb000 	C:\Program Files\MATLAB\R2011a\bin\win64\libmwresource_core.dll
0x0000000001940000 - 0x00000000019d3000 	C:\Program Files\MATLAB\R2011a\bin\win64\libmwMATLAB_res.dll
0x000000007a170000 - 0x000000007a189000 	C:\Program Files\MATLAB\R2011a\bin\win64\boost_filesystem-vc90-mt-1_40.dll
0x000000007a250000 - 0x000000007a263000 	C:\Program Files\MATLAB\R2011a\bin\win64\boost_signals-vc90-mt-1_40.dll
0x00007ffc1afd0000 - 0x00007ffc1afe6000 	C:\WINDOWS\system32\imagehlp.dll
0x0000000075a20000 - 0x0000000075ab2000 	C:\Program Files\MATLAB\R2011a\bin\win64\libmx.dll
0x0000000074330000 - 0x000000007444b000 	C:\Program Files\MATLAB\R2011a\bin\win64\libmwmathutil.dll
0x000000005b7a0000 - 0x000000005b7f4000 	C:\Program Files\MATLAB\R2011a\bin\win64\mpath.dll
0x000000007b680000 - 0x000000007b982000 	C:\Program Files\MATLAB\R2011a\bin\win64\mlutil.dll
0x00007ffc0cb70000 - 0x00007ffc0cc14000 	C:\WINDOWS\WinSxS\amd64_microsoft.windows.common-controls_6595b64144ccf1df_5.82.9600.17810_none_34ae2abd958aedeb\COMCTL32.dll
0x00007ffc1ad10000 - 0x00007ffc1adc6000 	C:\WINDOWS\system32\COMDLG32.dll
0x00007ffc17820000 - 0x00007ffc17836000 	C:\WINDOWS\SYSTEM32\NETAPI32.dll
0x00007ffc1a2d0000 - 0x00007ffc1a32a000 	C:\WINDOWS\system32\WS2_32.dll
0x00007ffc1aff0000 - 0x00007ffc1c508000 	C:\WINDOWS\system32\SHELL32.dll
0x00007ffc1ab70000 - 0x00007ffc1ad04000 	C:\WINDOWS\system32\ole32.dll
0x00007ffc1a080000 - 0x00007ffc1a141000 	C:\WINDOWS\system32\OLEAUT32.dll
0x0000000075000000 - 0x00000000750e4000 	C:\Program Files\MATLAB\R2011a\bin\win64\iqm.dll
0x0000000079fb0000 - 0x0000000079fde000 	C:\Program Files\MATLAB\R2011a\bin\win64\libmwbridge.dll
0x000000005bbc0000 - 0x000000005bbcf000 	C:\Program Files\MATLAB\R2011a\bin\win64\libmex.dll
0x000000005b6f0000 - 0x000000005b794000 	C:\Program Files\MATLAB\R2011a\bin\win64\m_dispatcher.dll
0x000000005b4a0000 - 0x000000005b6eb000 	C:\Program Files\MATLAB\R2011a\bin\win64\mcos.dll
0x000000005b350000 - 0x000000005b491000 	C:\Program Files\MATLAB\R2011a\bin\win64\libmwgui.dll
0x000000005aad0000 - 0x000000005b350000 	C:\Program Files\MATLAB\R2011a\bin\win64\hg.dll
0x000000005aa10000 - 0x000000005aacc000 	C:\Program Files\MATLAB\R2011a\bin\win64\hgutils.dll
0x000000005a270000 - 0x000000005aa0c000 	C:\Program Files\MATLAB\R2011a\bin\win64\m_interpreter.dll
0x000000005a1f0000 - 0x000000005a26b000 	C:\Program Files\MATLAB\R2011a\bin\win64\jmi.dll
0x000000005a140000 - 0x000000005a1e9000 	C:\Program Files\MATLAB\R2011a\bin\win64\udd_mi.dll
0x00000000019e0000 - 0x0000000001ca4000 	C:\Program Files\MATLAB\R2011a\bin\win64\uiw.dll
0x000000005a120000 - 0x000000005a13b000 	C:\Program Files\MATLAB\R2011a\bin\win64\mwoles05.DLL
0x000000005a0b0000 - 0x000000005a11e000 	C:\Program Files\MATLAB\R2011a\bin\win64\comcli.dll
0x000000005a0a0000 - 0x000000005a0ac000 	C:\Program Files\MATLAB\R2011a\bin\win64\mlautoregister.dll
0x00000000017f0000 - 0x00000000017fd000 	C:\Program Files\MATLAB\R2011a\bin\win64\boost_iostreams-vc90-mt-1_40.dll
0x00007ffc1aa10000 - 0x00007ffc1ab61000 	C:\WINDOWS\system32\GDI32.dll
0x000000007a010000 - 0x000000007a035000 	C:\Program Files\MATLAB\R2011a\bin\win64\LIBEXPAT.dll
0x00000000739d0000 - 0x0000000073b8c000 	C:\Program Files\MATLAB\R2011a\bin\win64\icuin42.dll
0x0000000010000000 - 0x0000000010f47000 	C:\Program Files\MATLAB\R2011a\bin\win64\icudt42.dll
0x00007ffc1a330000 - 0x00007ffc1a3da000 	C:\WINDOWS\system32\msvcrt.dll
0x00007ffc1a800000 - 0x00007ffc1a859000 	C:\WINDOWS\SYSTEM32\sechost.dll
0x00007ffc1a8c0000 - 0x00007ffc1aa01000 	C:\WINDOWS\system32\RPCRT4.dll
0x000000007a210000 - 0x000000007a226000 	C:\Program Files\MATLAB\R2011a\bin\win64\zlib1.dll
0x000000005a010000 - 0x000000005a092000 	C:\Program Files\MATLAB\R2011a\bin\win64\xmlcore.dll
0x000000007bc30000 - 0x000000007be83000 	C:\Program Files\MATLAB\R2011a\bin\win64\xerces-c_2_7.dll
0x00007ffc1a860000 - 0x00007ffc1a8b4000 	C:\WINDOWS\system32\SHLWAPI.dll
0x00007ffc18900000 - 0x00007ffc1890c000 	C:\WINDOWS\SYSTEM32\netutils.dll
0x00007ffc19300000 - 0x00007ffc19326000 	C:\WINDOWS\SYSTEM32\srvcli.dll
0x00007ffc177e0000 - 0x00007ffc177f7000 	C:\WINDOWS\SYSTEM32\wkscli.dll
0x00007ffc19e10000 - 0x00007ffc19e19000 	C:\WINDOWS\system32\NSI.dll
0x00007ffc1a5e0000 - 0x00007ffc1a7f1000 	C:\WINDOWS\SYSTEM32\combase.dll
0x0000000059f50000 - 0x000000005a009000 	C:\Program Files\MATLAB\R2011a\bin\win64\udd.dll
0x0000000074880000 - 0x0000000074945000 	C:\Program Files\MATLAB\R2011a\bin\win64\boost_regex-vc90-mt-1_40.dll
0x0000000059f30000 - 0x0000000059f47000 	C:\Program Files\MATLAB\R2011a\bin\win64\graphics_util.dll
0x0000000076100000 - 0x000000007614f000 	C:\Program Files\MATLAB\R2011a\bin\win64\libmat.dll
0x0000000059ef0000 - 0x0000000059f2c000 	C:\Program Files\MATLAB\R2011a\bin\win64\libmwhardcopy.dll
0x0000000059e90000 - 0x0000000059ee8000 	C:\Program Files\MATLAB\R2011a\bin\win64\libuij.dll
0x0000000059ca0000 - 0x0000000059e83000 	C:\Program Files\MATLAB\R2011a\bin\win64\hgdatatypes.dll
0x0000000059c20000 - 0x0000000059c9c000 	C:\Program Files\MATLAB\R2011a\bin\win64\libmwlapack.dll
0x0000000059730000 - 0x0000000059c14000 	C:\WINDOWS\WinSxS\amd64_microsoft.vc90.mfc_1fc8b3b9a1e18e3b_9.0.30729.1_none_951ab4128654b0c9\mfc90.dll
0x00007ffc14b80000 - 0x00007ffc14c02000 	C:\WINDOWS\SYSTEM32\WINSPOOL.DRV
0x00000000596b0000 - 0x000000005972f000 	C:\Program Files\MATLAB\R2011a\bin\win64\profiler.dll
0x0000000079f40000 - 0x0000000079f6c000 	C:\Program Files\MATLAB\R2011a\bin\win64\libmwmathrng.dll
0x0000000059690000 - 0x00000000596b0000 	C:\Program Files\MATLAB\R2011a\bin\win64\m_pcodeio.dll
0x0000000079b10000 - 0x0000000079b71000 	C:\Program Files\MATLAB\R2011a\bin\win64\m_ir.dll
0x0000000059050000 - 0x000000005968b000 	C:\Program Files\MATLAB\R2011a\bin\win64\m_parser.dll
0x0000000059020000 - 0x000000005904b000 	C:\Program Files\MATLAB\R2011a\bin\win64\m_pcodegen.dll
0x0000000076160000 - 0x00000000761c2000 	C:\Program Files\MATLAB\R2011a\bin\win64\libmwspmatrix.dll
0x0000000001e00000 - 0x0000000001e0e000 	C:\Program Files\MATLAB\R2011a\bin\win64\nativejava_services.dll
0x0000000059010000 - 0x000000005901a000 	C:\Program Files\MATLAB\R2011a\bin\win64\uinone.dll
0x0000000058fe0000 - 0x000000005900f000 	C:\WINDOWS\WinSxS\amd64_microsoft.vc90.atl_1fc8b3b9a1e18e3b_9.0.30729.1_none_9aefdaaa829eb818\ATL90.DLL
0x0000000072d30000 - 0x0000000072f33000 	C:\Program Files\MATLAB\R2011a\bin\win64\libhdf5.dll
0x0000000058fc0000 - 0x0000000058fd2000 	C:\Program Files\MATLAB\R2011a\bin\win64\libmwbinder.dll
0x0000000058fb0000 - 0x0000000058fbb000 	C:\Program Files\MATLAB\R2011a\bin\win64\libmwompwrapper.dll
0x00007ffc17210000 - 0x00007ffc17217000 	C:\WINDOWS\SYSTEM32\MSIMG32.dll
0x0000000058f90000 - 0x0000000058fa9000 	C:\Program Files\MATLAB\R2011a\bin\win64\ir_xfmr.dll
0x0000000058f80000 - 0x0000000058f8c000 	C:\Program Files\MATLAB\R2011a\bin\win64\mtok.dll
0x00007ffc17460000 - 0x00007ffc17512000 	C:\WINDOWS\SYSTEM32\SHCORE.DLL
0x00007ffc1ade0000 - 0x00007ffc1ae16000 	C:\WINDOWS\system32\IMM32.DLL
0x00007ffc19cb0000 - 0x00007ffc19e02000 	C:\WINDOWS\system32\MSCTF.dll
0x00007ffc18330000 - 0x00007ffc18459000 	C:\WINDOWS\SYSTEM32\UxTheme.dll
0x00007ffc17260000 - 0x00007ffc17281000 	C:\WINDOWS\SYSTEM32\dwmapi.dll
0x0000000058f70000 - 0x0000000058f7f000 	C:\WINDOWS\WinSxS\amd64_microsoft.vc90.mfcloc_1fc8b3b9a1e18e3b_9.0.30729.1_none_92995f253c01eddb\MFC90ESN.DLL
0x0000000002230000 - 0x0000000002259000 	C:\Program Files\MATLAB\R2011a\bin\win64\tbbmalloc.dll
0x00007ffc196c0000 - 0x00007ffc196d5000 	C:\WINDOWS\SYSTEM32\profapi.dll
0x00007ffc13f60000 - 0x00007ffc13f8a000 	C:\WINDOWS\SYSTEM32\iphlpapi.dll
0x00007ffc13f30000 - 0x00007ffc13f3a000 	C:\WINDOWS\SYSTEM32\WINNSI.DLL
0x00007ffc18d30000 - 0x00007ffc18dd4000 	C:\WINDOWS\SYSTEM32\DNSAPI.dll
0x00007ffc139c0000 - 0x00007ffc139d6000 	C:\WINDOWS\SYSTEM32\dhcpcsvc6.DLL
0x00007ffc13ba0000 - 0x00007ffc13bba000 	C:\WINDOWS\SYSTEM32\dhcpcsvc.DLL
0x00007ffc154b0000 - 0x00007ffc154b3000 	C:\WINDOWS\SYSTEM32\icmp.Dll
0x00007ffc18500000 - 0x00007ffc1850b000 	C:\WINDOWS\SYSTEM32\kernel.appcore.dll
0x00007ffc19590000 - 0x00007ffc1959b000 	C:\WINDOWS\SYSTEM32\CRYPTBASE.dll
0x00007ffc19520000 - 0x00007ffc19583000 	C:\WINDOWS\SYSTEM32\bcryptPrimitives.dll
0x00007ffc19af0000 - 0x00007ffc19b3f000 	C:\WINDOWS\system32\cfgmgr32.dll
0x0000000078870000 - 0x0000000078ecd000 	C:\Program Files\MATLAB\R2011a\sys\java\jre\win64\jre\bin\server\jvm.dll
0x00007ffc14c50000 - 0x00007ffc14c72000 	C:\WINDOWS\SYSTEM32\WINMM.dll
0x00007ffc14c20000 - 0x00007ffc14c4a000 	C:\WINDOWS\SYSTEM32\WINMMBASE.dll
0x00007ffc184d0000 - 0x00007ffc184f8000 	C:\WINDOWS\SYSTEM32\DEVOBJ.dll
0x000000007a440000 - 0x000000007a44e000 	C:\Program Files\MATLAB\R2011a\sys\java\jre\win64\jre\bin\verify.dll
0x000000007a070000 - 0x000000007a097000 	C:\Program Files\MATLAB\R2011a\sys\java\jre\win64\jre\bin\java.dll
0x000000007a540000 - 0x000000007a54a000 	C:\Program Files\MATLAB\R2011a\sys\java\jre\win64\jre\bin\hpi.dll
0x000000007a370000 - 0x000000007a382000 	C:\Program Files\MATLAB\R2011a\sys\java\jre\win64\jre\bin\zip.dll
0x0000000075b90000 - 0x0000000075bfb000 	C:\Program Files\MATLAB\R2011a\sys\java\jre\win64\jre\bin\fontmanager.dll
0x0000000073150000 - 0x0000000073311000 	C:\Program Files\MATLAB\R2011a\sys\java\jre\win64\jre\bin\awt.dll
0x00007ffc18260000 - 0x00007ffc182ee000 	C:\WINDOWS\system32\apphelp.dll
0x0000000079cf0000 - 0x0000000079d36000 	C:\Program Files\MATLAB\R2011a\bin\win64\nativejmi.dll
0x000000007a600000 - 0x000000007a608000 	C:\Program Files\MATLAB\R2011a\bin\win64\nativeservices.dll
0x000000007a0d0000 - 0x000000007a0e8000 	C:\Program Files\MATLAB\R2011a\bin\win64\nativejava.dll
0x00007ffc0a110000 - 0x00007ffc0a12e000 	C:\WINDOWS\SYSTEM32\MPR.dll

VM Arguments:
jvm_args: -Xss512k -XX:PermSize=32m -Xms64m -XX:NewRatio=3 -XX:MaxPermSize=128m -Xmx196m -XX:MaxDirectMemorySize=2147400000 -Dsun.java2d.noddraw=true -Dsun.awt.nopixfmt=true -Xshare:off -Xrs -Dsun.awt.disableMixing=true -Djava.library.path=C:\Program Files\MATLAB\R2011a\bin\win64 vfprintf abort 
java_command: <unknown>
Launcher Type: generic

Environment Variables:
PATH=c:\Program Files (x86)\Intel\iCLS Client\;c:\Program Files\Intel\iCLS Client\;C:\WINDOWS\system32;C:\WINDOWS;C:\WINDOWS\System32\Wbem;C:\WINDOWS\System32\WindowsPowerShell\v1.0\;C:\Program Files\Intel\Intel(R) Management Engine Components\DAL;C:\Program Files\Intel\Intel(R) Management Engine Components\IPT;C:\Program Files (x86)\Intel\Intel(R) Management Engine Components\DAL;C:\Program Files (x86)\Intel\Intel(R) Management Engine Components\IPT;C:\Program Files (x86)\Intel\OpenCL SDK\2.0\bin\x86;C:\Program Files (x86)\Intel\OpenCL SDK\2.0\bin\x64;C:\Program Files (x86)\Windows Live\Shared;C:\Program Files\MATLAB\R2011a\runtime\win64;C:\Program Files\MATLAB\R2011a\bin;C:\Program Files (x86)\Kofax\Imgctls\bin
USERNAME=sistemas3
OS=Windows_NT
PROCESSOR_IDENTIFIER=Intel64 Family 6 Model 58 Stepping 9, GenuineIntel



---------------  S Y S T E M  ---------------

OS: Windows NT 6.2 Build 9200 

CPU:total 4 (8 cores per cpu, 2 threads per core) family 6 model 58 stepping 9, cmov, cx8, fxsr, mmx, sse, sse2, sse3, ssse3, sse4.1, sse4.2, ht

Memory: 4k page, physical 8282880k(4756596k free), swap 9184000k(4128884k free)

vm_info: Java HotSpot(TM) 64-Bit Server VM (14.3-b01) for windows-amd64 JRE (1.6.0_17-b04), built on Oct 11 2009 00:46:08 by "java_re" with MS VC++ 8.0

time: Tue Jun 23 23:37:45 2015
elapsed time: 18572 seconds

